{"C:\\Users\\COMLANVI\\www\\time_manager\\back\\emailSender.js": {"path":"C:\\Users\\COMLANVI\\www\\time_manager\\back\\emailSender.js","statementMap":{"0":{"start":{"line":4,"column":2},"end":{"line":13,"column":3}},"1":{"start":{"line":5,"column":15},"end":{"line":10,"column":6}},"2":{"start":{"line":12,"column":4},"end":{"line":12,"column":49}},"3":{"start":{"line":16,"column":0},"end":{"line":16,"column":27}}},"fnMap":{"0":{"name":"sendEmail","decl":{"start":{"line":3,"column":15},"end":{"line":3,"column":24}},"loc":{"start":{"line":3,"column":44},"end":{"line":14,"column":1}},"line":3}},"branchMap":{},"s":{"0":0,"1":0,"2":0,"3":2},"f":{"0":0},"b":{},"_coverageSchema":"1a1c01bbd47fc00a2c39e90264f33305004495a9","hash":"d4f2b1b75f7595f9454bfdf880fd27b8d1528196"}
,"C:\\Users\\COMLANVI\\www\\time_manager\\back\\config\\emailConfig.js": {"path":"C:\\Users\\COMLANVI\\www\\time_manager\\back\\config\\emailConfig.js","statementMap":{"0":{"start":{"line":1,"column":19},"end":{"line":1,"column":40}},"1":{"start":{"line":3,"column":20},"end":{"line":11,"column":2}},"2":{"start":{"line":13,"column":0},"end":{"line":13,"column":29}}},"fnMap":{},"branchMap":{},"s":{"0":2,"1":2,"2":2},"f":{},"b":{},"_coverageSchema":"1a1c01bbd47fc00a2c39e90264f33305004495a9","hash":"070b5c4ea84ae802be9f8572fec492c5740620d1"}
,"C:\\Users\\COMLANVI\\www\\time_manager\\back\\controllers\\invitation\\create.js": {"path":"C:\\Users\\COMLANVI\\www\\time_manager\\back\\controllers\\invitation\\create.js","statementMap":{"0":{"start":{"line":4,"column":18},"end":{"line":4,"column":46}},"1":{"start":{"line":39,"column":17},"end":{"line":39,"column":27}},"2":{"start":{"line":40,"column":4},"end":{"line":43,"column":7}},"3":{"start":{"line":41,"column":6},"end":{"line":41,"column":50}},"4":{"start":{"line":42,"column":6},"end":{"line":42,"column":53}},"5":{"start":{"line":44,"column":4},"end":{"line":46,"column":7}},"6":{"start":{"line":45,"column":6},"end":{"line":45,"column":59}},"7":{"start":{"line":48,"column":4},"end":{"line":50,"column":5}},"8":{"start":{"line":49,"column":6},"end":{"line":49,"column":70}},"9":{"start":{"line":52,"column":30},"end":{"line":52,"column":43}},"10":{"start":{"line":53,"column":17},"end":{"line":53,"column":64}},"11":{"start":{"line":54,"column":17},"end":{"line":54,"column":51}},"12":{"start":{"line":56,"column":4},"end":{"line":56,"column":63}},"13":{"start":{"line":56,"column":15},"end":{"line":56,"column":63}},"14":{"start":{"line":58,"column":17},"end":{"line":58,"column":18}},"15":{"start":{"line":59,"column":16},"end":{"line":59,"column":31}},"16":{"start":{"line":62,"column":21},"end":{"line":62,"column":55}},"17":{"start":{"line":63,"column":4},"end":{"line":64,"column":77}},"18":{"start":{"line":64,"column":6},"end":{"line":64,"column":77}},"19":{"start":{"line":67,"column":34},"end":{"line":74,"column":6}},"20":{"start":{"line":76,"column":4},"end":{"line":81,"column":5}},"21":{"start":{"line":78,"column":6},"end":{"line":78,"column":35}},"22":{"start":{"line":79,"column":6},"end":{"line":79,"column":73}},"23":{"start":{"line":80,"column":6},"end":{"line":80,"column":30}},"24":{"start":{"line":83,"column":27},"end":{"line":83,"column":89}},"25":{"start":{"line":86,"column":4},"end":{"line":86,"column":74}},"26":{"start":{"line":87,"column":4},"end":{"line":87,"column":32}},"27":{"start":{"line":91,"column":20},"end":{"line":91,"column":65}},"28":{"start":{"line":92,"column":17},"end":{"line":93,"column":91}},"29":{"start":{"line":94,"column":4},"end":{"line":94,"column":42}},"30":{"start":{"line":98,"column":0},"end":{"line":98,"column":28}}},"fnMap":{"0":{"name":"(anonymous_0)","decl":{"start":{"line":16,"column":2},"end":{"line":16,"column":3}},"loc":{"start":{"line":38,"column":27},"end":{"line":88,"column":3}},"line":38},"1":{"name":"(anonymous_1)","decl":{"start":{"line":40,"column":30},"end":{"line":40,"column":31}},"loc":{"start":{"line":40,"column":41},"end":{"line":43,"column":5}},"line":40},"2":{"name":"(anonymous_2)","decl":{"start":{"line":44,"column":32},"end":{"line":44,"column":33}},"loc":{"start":{"line":44,"column":43},"end":{"line":46,"column":5}},"line":44},"3":{"name":"(anonymous_3)","decl":{"start":{"line":90,"column":2},"end":{"line":90,"column":3}},"loc":{"start":{"line":90,"column":68},"end":{"line":95,"column":3}},"line":90}},"branchMap":{"0":{"loc":{"start":{"line":48,"column":4},"end":{"line":50,"column":5}},"type":"if","locations":[{"start":{"line":48,"column":4},"end":{"line":50,"column":5}},{"start":{},"end":{}}],"line":48},"1":{"loc":{"start":{"line":56,"column":4},"end":{"line":56,"column":63}},"type":"if","locations":[{"start":{"line":56,"column":4},"end":{"line":56,"column":63}},{"start":{},"end":{}}],"line":56},"2":{"loc":{"start":{"line":62,"column":21},"end":{"line":62,"column":55}},"type":"binary-expr","locations":[{"start":{"line":62,"column":21},"end":{"line":62,"column":25}},{"start":{"line":62,"column":30},"end":{"line":62,"column":54}}],"line":62},"3":{"loc":{"start":{"line":63,"column":4},"end":{"line":64,"column":77}},"type":"if","locations":[{"start":{"line":63,"column":4},"end":{"line":64,"column":77}},{"start":{},"end":{}}],"line":63},"4":{"loc":{"start":{"line":76,"column":4},"end":{"line":81,"column":5}},"type":"if","locations":[{"start":{"line":76,"column":4},"end":{"line":81,"column":5}},{"start":{},"end":{}}],"line":76}},"s":{"0":1,"1":2,"2":2,"3":2,"4":0,"5":2,"6":2,"7":2,"8":2,"9":0,"10":0,"11":0,"12":0,"13":0,"14":0,"15":0,"16":0,"17":0,"18":0,"19":0,"20":0,"21":0,"22":0,"23":0,"24":0,"25":0,"26":0,"27":0,"28":0,"29":0,"30":1},"f":{"0":2,"1":2,"2":2,"3":0},"b":{"0":[2,0],"1":[0,0],"2":[0,0],"3":[0,0],"4":[0,0]},"_coverageSchema":"1a1c01bbd47fc00a2c39e90264f33305004495a9","hash":"bd023bc8d03b454036292bb13fb17d628b4ee9da"}
,"C:\\Users\\COMLANVI\\www\\time_manager\\back\\controllers\\project\\all.js": {"path":"C:\\Users\\COMLANVI\\www\\time_manager\\back\\controllers\\project\\all.js","statementMap":{"0":{"start":{"line":25,"column":19},"end":{"line":25,"column":42}},"1":{"start":{"line":26,"column":4},"end":{"line":30,"column":5}},"2":{"start":{"line":27,"column":6},"end":{"line":27,"column":23}},"3":{"start":{"line":28,"column":6},"end":{"line":28,"column":51}},"4":{"start":{"line":29,"column":6},"end":{"line":29,"column":13}},"5":{"start":{"line":32,"column":21},"end":{"line":34,"column":6}},"6":{"start":{"line":36,"column":4},"end":{"line":39,"column":5}},"7":{"start":{"line":37,"column":6},"end":{"line":37,"column":23}},"8":{"start":{"line":38,"column":6},"end":{"line":38,"column":13}},"9":{"start":{"line":41,"column":30},"end":{"line":47,"column":7}},"10":{"start":{"line":41,"column":57},"end":{"line":47,"column":5}},"11":{"start":{"line":49,"column":4},"end":{"line":49,"column":21}},"12":{"start":{"line":50,"column":4},"end":{"line":52,"column":6}},"13":{"start":{"line":56,"column":0},"end":{"line":56,"column":28}}},"fnMap":{"0":{"name":"(anonymous_0)","decl":{"start":{"line":11,"column":2},"end":{"line":11,"column":3}},"loc":{"start":{"line":24,"column":32},"end":{"line":53,"column":3}},"line":24},"1":{"name":"(anonymous_1)","decl":{"start":{"line":41,"column":43},"end":{"line":41,"column":44}},"loc":{"start":{"line":41,"column":57},"end":{"line":47,"column":5}},"line":41}},"branchMap":{"0":{"loc":{"start":{"line":26,"column":4},"end":{"line":30,"column":5}},"type":"if","locations":[{"start":{"line":26,"column":4},"end":{"line":30,"column":5}},{"start":{},"end":{}}],"line":26},"1":{"loc":{"start":{"line":36,"column":4},"end":{"line":39,"column":5}},"type":"if","locations":[{"start":{"line":36,"column":4},"end":{"line":39,"column":5}},{"start":{},"end":{}}],"line":36},"2":{"loc":{"start":{"line":36,"column":8},"end":{"line":36,"column":42}},"type":"binary-expr","locations":[{"start":{"line":36,"column":8},"end":{"line":36,"column":17}},{"start":{"line":36,"column":21},"end":{"line":36,"column":42}}],"line":36},"3":{"loc":{"start":{"line":44,"column":16},"end":{"line":46,"column":14}},"type":"cond-expr","locations":[{"start":{"line":45,"column":10},"end":{"line":45,"column":65}},{"start":{"line":46,"column":10},"end":{"line":46,"column":14}}],"line":44}},"s":{"0":3,"1":3,"2":1,"3":1,"4":1,"5":2,"6":2,"7":1,"8":1,"9":1,"10":2,"11":1,"12":1,"13":1},"f":{"0":3,"1":2},"b":{"0":[1,2],"1":[1,1],"2":[2,2],"3":[2,0]},"_coverageSchema":"1a1c01bbd47fc00a2c39e90264f33305004495a9","hash":"7e3e819b77365695573b4aa089ca3256cee155a8"}
,"C:\\Users\\COMLANVI\\www\\time_manager\\back\\controllers\\task\\all.js": {"path":"C:\\Users\\COMLANVI\\www\\time_manager\\back\\controllers\\task\\all.js","statementMap":{"0":{"start":{"line":25,"column":19},"end":{"line":25,"column":29}},"1":{"start":{"line":26,"column":4},"end":{"line":51,"column":5}},"2":{"start":{"line":27,"column":22},"end":{"line":27,"column":55}},"3":{"start":{"line":28,"column":6},"end":{"line":31,"column":7}},"4":{"start":{"line":29,"column":8},"end":{"line":29,"column":25}},"5":{"start":{"line":30,"column":8},"end":{"line":30,"column":15}},"6":{"start":{"line":33,"column":20},"end":{"line":35,"column":8}},"7":{"start":{"line":36,"column":6},"end":{"line":39,"column":7}},"8":{"start":{"line":37,"column":8},"end":{"line":37,"column":25}},"9":{"start":{"line":38,"column":8},"end":{"line":38,"column":15}},"10":{"start":{"line":41,"column":29},"end":{"line":45,"column":9}},"11":{"start":{"line":41,"column":50},"end":{"line":45,"column":7}},"12":{"start":{"line":47,"column":6},"end":{"line":47,"column":23}},"13":{"start":{"line":48,"column":6},"end":{"line":48,"column":43}},"14":{"start":{"line":50,"column":6},"end":{"line":50,"column":60}},"15":{"start":{"line":55,"column":0},"end":{"line":55,"column":32}}},"fnMap":{"0":{"name":"(anonymous_0)","decl":{"start":{"line":12,"column":2},"end":{"line":12,"column":3}},"loc":{"start":{"line":24,"column":26},"end":{"line":52,"column":3}},"line":24},"1":{"name":"(anonymous_1)","decl":{"start":{"line":41,"column":39},"end":{"line":41,"column":40}},"loc":{"start":{"line":41,"column":50},"end":{"line":45,"column":7}},"line":41}},"branchMap":{"0":{"loc":{"start":{"line":28,"column":6},"end":{"line":31,"column":7}},"type":"if","locations":[{"start":{"line":28,"column":6},"end":{"line":31,"column":7}},{"start":{},"end":{}}],"line":28},"1":{"loc":{"start":{"line":36,"column":6},"end":{"line":39,"column":7}},"type":"if","locations":[{"start":{"line":36,"column":6},"end":{"line":39,"column":7}},{"start":{},"end":{}}],"line":36}},"s":{"0":5,"1":5,"2":5,"3":3,"4":1,"5":1,"6":2,"7":2,"8":1,"9":1,"10":1,"11":2,"12":1,"13":1,"14":2,"15":1},"f":{"0":5,"1":2},"b":{"0":[1,2],"1":[1,1]},"_coverageSchema":"1a1c01bbd47fc00a2c39e90264f33305004495a9","hash":"2fc3ec840e619d4709ac0948025aacd5996de5e3"}
,"C:\\Users\\COMLANVI\\www\\time_manager\\back\\controllers\\team\\create.js": {"path":"C:\\Users\\COMLANVI\\www\\time_manager\\back\\controllers\\team\\create.js","statementMap":{"0":{"start":{"line":34,"column":17},"end":{"line":34,"column":27}},"1":{"start":{"line":35,"column":4},"end":{"line":35,"column":45}},"2":{"start":{"line":36,"column":4},"end":{"line":49,"column":7}},"3":{"start":{"line":37,"column":6},"end":{"line":48,"column":7}},"4":{"start":{"line":38,"column":8},"end":{"line":42,"column":10}},"5":{"start":{"line":43,"column":8},"end":{"line":47,"column":10}},"6":{"start":{"line":51,"column":4},"end":{"line":53,"column":5}},"7":{"start":{"line":52,"column":6},"end":{"line":52,"column":60}},"8":{"start":{"line":55,"column":23},"end":{"line":57,"column":6}},"9":{"start":{"line":58,"column":4},"end":{"line":60,"column":5}},"10":{"start":{"line":59,"column":6},"end":{"line":59,"column":59}},"11":{"start":{"line":62,"column":17},"end":{"line":65,"column":6}},"12":{"start":{"line":67,"column":4},"end":{"line":71,"column":7}},"13":{"start":{"line":73,"column":4},"end":{"line":73,"column":39}},"14":{"start":{"line":77,"column":0},"end":{"line":77,"column":28}}},"fnMap":{"0":{"name":"(anonymous_0)","decl":{"start":{"line":16,"column":2},"end":{"line":16,"column":3}},"loc":{"start":{"line":33,"column":26},"end":{"line":74,"column":3}},"line":33},"1":{"name":"(anonymous_1)","decl":{"start":{"line":36,"column":36},"end":{"line":36,"column":37}},"loc":{"start":{"line":36,"column":47},"end":{"line":49,"column":5}},"line":36}},"branchMap":{"0":{"loc":{"start":{"line":37,"column":6},"end":{"line":48,"column":7}},"type":"if","locations":[{"start":{"line":37,"column":6},"end":{"line":48,"column":7}},{"start":{},"end":{}}],"line":37},"1":{"loc":{"start":{"line":51,"column":4},"end":{"line":53,"column":5}},"type":"if","locations":[{"start":{"line":51,"column":4},"end":{"line":53,"column":5}},{"start":{},"end":{}}],"line":51},"2":{"loc":{"start":{"line":58,"column":4},"end":{"line":60,"column":5}},"type":"if","locations":[{"start":{"line":58,"column":4},"end":{"line":60,"column":5}},{"start":{},"end":{}}],"line":58}},"s":{"0":3,"1":3,"2":3,"3":3,"4":3,"5":3,"6":3,"7":0,"8":3,"9":3,"10":1,"11":2,"12":2,"13":2,"14":1},"f":{"0":3,"1":3},"b":{"0":[3,0],"1":[0,3],"2":[1,2]},"_coverageSchema":"1a1c01bbd47fc00a2c39e90264f33305004495a9","hash":"f63fbcb5b17f052e9b113b8a99c2a4977a4e07e6"}
,"C:\\Users\\COMLANVI\\www\\time_manager\\back\\controllers\\user\\auth\\signin.js": {"path":"C:\\Users\\COMLANVI\\www\\time_manager\\back\\controllers\\user\\auth\\signin.js","statementMap":{"0":{"start":{"line":5,"column":21},"end":{"line":5,"column":50}},"1":{"start":{"line":28,"column":17},"end":{"line":28,"column":27}},"2":{"start":{"line":29,"column":4},"end":{"line":32,"column":7}},"3":{"start":{"line":30,"column":6},"end":{"line":30,"column":53}},"4":{"start":{"line":31,"column":6},"end":{"line":31,"column":51}},"5":{"start":{"line":33,"column":4},"end":{"line":35,"column":7}},"6":{"start":{"line":34,"column":6},"end":{"line":34,"column":60}},"7":{"start":{"line":36,"column":4},"end":{"line":38,"column":7}},"8":{"start":{"line":37,"column":6},"end":{"line":37,"column":67}},"9":{"start":{"line":40,"column":4},"end":{"line":42,"column":5}},"10":{"start":{"line":41,"column":6},"end":{"line":41,"column":60}},"11":{"start":{"line":44,"column":17},"end":{"line":46,"column":6}},"12":{"start":{"line":48,"column":4},"end":{"line":51,"column":5}},"13":{"start":{"line":49,"column":6},"end":{"line":49,"column":36}},"14":{"start":{"line":50,"column":6},"end":{"line":50,"column":60}},"15":{"start":{"line":53,"column":24},"end":{"line":53,"column":52}},"16":{"start":{"line":55,"column":4},"end":{"line":58,"column":5}},"17":{"start":{"line":56,"column":6},"end":{"line":56,"column":36}},"18":{"start":{"line":57,"column":6},"end":{"line":57,"column":60}},"19":{"start":{"line":60,"column":4},"end":{"line":63,"column":5}},"20":{"start":{"line":61,"column":6},"end":{"line":61,"column":36}},"21":{"start":{"line":62,"column":6},"end":{"line":62,"column":60}},"22":{"start":{"line":65,"column":30},"end":{"line":67,"column":6}},"23":{"start":{"line":69,"column":25},"end":{"line":69,"column":64}},"24":{"start":{"line":70,"column":24},"end":{"line":70,"column":65}},"25":{"start":{"line":72,"column":18},"end":{"line":72,"column":22}},"26":{"start":{"line":73,"column":4},"end":{"line":80,"column":5}},"27":{"start":{"line":74,"column":27},"end":{"line":74,"column":69}},"28":{"start":{"line":75,"column":6},"end":{"line":79,"column":9}},"29":{"start":{"line":81,"column":4},"end":{"line":81,"column":21}},"30":{"start":{"line":82,"column":4},"end":{"line":93,"column":6}},"31":{"start":{"line":97,"column":0},"end":{"line":97,"column":23}}},"fnMap":{"0":{"name":"(anonymous_0)","decl":{"start":{"line":8,"column":2},"end":{"line":8,"column":3}},"loc":{"start":{"line":27,"column":26},"end":{"line":94,"column":3}},"line":27},"1":{"name":"(anonymous_1)","decl":{"start":{"line":29,"column":30},"end":{"line":29,"column":31}},"loc":{"start":{"line":29,"column":41},"end":{"line":32,"column":5}},"line":29},"2":{"name":"(anonymous_2)","decl":{"start":{"line":33,"column":33},"end":{"line":33,"column":34}},"loc":{"start":{"line":33,"column":44},"end":{"line":35,"column":5}},"line":33},"3":{"name":"(anonymous_3)","decl":{"start":{"line":36,"column":34},"end":{"line":36,"column":35}},"loc":{"start":{"line":36,"column":45},"end":{"line":38,"column":5}},"line":36}},"branchMap":{"0":{"loc":{"start":{"line":40,"column":4},"end":{"line":42,"column":5}},"type":"if","locations":[{"start":{"line":40,"column":4},"end":{"line":42,"column":5}},{"start":{},"end":{}}],"line":40},"1":{"loc":{"start":{"line":48,"column":4},"end":{"line":51,"column":5}},"type":"if","locations":[{"start":{"line":48,"column":4},"end":{"line":51,"column":5}},{"start":{},"end":{}}],"line":48},"2":{"loc":{"start":{"line":55,"column":4},"end":{"line":58,"column":5}},"type":"if","locations":[{"start":{"line":55,"column":4},"end":{"line":58,"column":5}},{"start":{},"end":{}}],"line":55},"3":{"loc":{"start":{"line":60,"column":4},"end":{"line":63,"column":5}},"type":"if","locations":[{"start":{"line":60,"column":4},"end":{"line":63,"column":5}},{"start":{},"end":{}}],"line":60},"4":{"loc":{"start":{"line":73,"column":4},"end":{"line":80,"column":5}},"type":"if","locations":[{"start":{"line":73,"column":4},"end":{"line":80,"column":5}},{"start":{},"end":{}}],"line":73},"5":{"loc":{"start":{"line":88,"column":21},"end":{"line":88,"column":51}},"type":"cond-expr","locations":[{"start":{"line":88,"column":31},"end":{"line":88,"column":44}},{"start":{"line":88,"column":47},"end":{"line":88,"column":51}}],"line":88},"6":{"loc":{"start":{"line":89,"column":18},"end":{"line":91,"column":14}},"type":"cond-expr","locations":[{"start":{"line":90,"column":10},"end":{"line":90,"column":67}},{"start":{"line":91,"column":10},"end":{"line":91,"column":14}}],"line":89}},"s":{"0":1,"1":6,"2":6,"3":6,"4":6,"5":6,"6":6,"7":6,"8":6,"9":6,"10":0,"11":6,"12":6,"13":2,"14":2,"15":4,"16":4,"17":0,"18":0,"19":4,"20":2,"21":2,"22":2,"23":2,"24":2,"25":2,"26":2,"27":1,"28":1,"29":2,"30":2,"31":1},"f":{"0":6,"1":6,"2":6,"3":6},"b":{"0":[0,6],"1":[2,4],"2":[0,4],"3":[2,2],"4":[1,1],"5":[0,2],"6":[0,2]},"_coverageSchema":"1a1c01bbd47fc00a2c39e90264f33305004495a9","hash":"c818eeb6be94a9a06d8a6d1c517e8d8ebe208649"}
,"C:\\Users\\COMLANVI\\www\\time_manager\\back\\controllers\\user\\auth\\signup.js": {"path":"C:\\Users\\COMLANVI\\www\\time_manager\\back\\controllers\\user\\auth\\signup.js","statementMap":{"0":{"start":{"line":1,"column":13},"end":{"line":1,"column":52}},"1":{"start":{"line":2,"column":18},"end":{"line":2,"column":51}},"2":{"start":{"line":3,"column":14},"end":{"line":3,"column":54}},"3":{"start":{"line":4,"column":17},"end":{"line":4,"column":49}},"4":{"start":{"line":5,"column":12},"end":{"line":5,"column":39}},"5":{"start":{"line":6,"column":21},"end":{"line":6,"column":50}},"6":{"start":{"line":7,"column":18},"end":{"line":7,"column":49}},"7":{"start":{"line":15,"column":4},"end":{"line":15,"column":36}},"8":{"start":{"line":42,"column":17},"end":{"line":42,"column":27}},"9":{"start":{"line":43,"column":4},"end":{"line":46,"column":7}},"10":{"start":{"line":44,"column":6},"end":{"line":44,"column":49}},"11":{"start":{"line":45,"column":6},"end":{"line":45,"column":53}},"12":{"start":{"line":47,"column":4},"end":{"line":50,"column":7}},"13":{"start":{"line":48,"column":6},"end":{"line":48,"column":58}},"14":{"start":{"line":49,"column":6},"end":{"line":49,"column":57}},"15":{"start":{"line":51,"column":4},"end":{"line":53,"column":7}},"16":{"start":{"line":52,"column":6},"end":{"line":52,"column":65}},"17":{"start":{"line":54,"column":4},"end":{"line":56,"column":7}},"18":{"start":{"line":55,"column":6},"end":{"line":55,"column":38}},"19":{"start":{"line":57,"column":4},"end":{"line":59,"column":5}},"20":{"start":{"line":58,"column":6},"end":{"line":58,"column":60}},"21":{"start":{"line":61,"column":15},"end":{"line":63,"column":6}},"22":{"start":{"line":65,"column":4},"end":{"line":68,"column":5}},"23":{"start":{"line":66,"column":6},"end":{"line":66,"column":63}},"24":{"start":{"line":67,"column":6},"end":{"line":67,"column":60}},"25":{"start":{"line":70,"column":4},"end":{"line":73,"column":7}},"26":{"start":{"line":75,"column":4},"end":{"line":78,"column":7}},"27":{"start":{"line":80,"column":20},"end":{"line":80,"column":37}},"28":{"start":{"line":82,"column":4},"end":{"line":86,"column":7}},"29":{"start":{"line":88,"column":4},"end":{"line":88,"column":38}},"30":{"start":{"line":92,"column":25},"end":{"line":92,"column":64}},"31":{"start":{"line":93,"column":24},"end":{"line":93,"column":65}},"32":{"start":{"line":94,"column":18},"end":{"line":94,"column":22}},"33":{"start":{"line":95,"column":4},"end":{"line":103,"column":5}},"34":{"start":{"line":96,"column":27},"end":{"line":96,"column":69}},"35":{"start":{"line":98,"column":6},"end":{"line":102,"column":9}},"36":{"start":{"line":104,"column":4},"end":{"line":115,"column":6}},"37":{"start":{"line":119,"column":0},"end":{"line":119,"column":26}}},"fnMap":{"0":{"name":"(anonymous_0)","decl":{"start":{"line":17,"column":2},"end":{"line":17,"column":3}},"loc":{"start":{"line":41,"column":26},"end":{"line":116,"column":3}},"line":41},"1":{"name":"(anonymous_1)","decl":{"start":{"line":43,"column":29},"end":{"line":43,"column":30}},"loc":{"start":{"line":43,"column":40},"end":{"line":46,"column":5}},"line":43},"2":{"name":"(anonymous_2)","decl":{"start":{"line":47,"column":30},"end":{"line":47,"column":31}},"loc":{"start":{"line":47,"column":41},"end":{"line":50,"column":5}},"line":47},"3":{"name":"(anonymous_3)","decl":{"start":{"line":51,"column":33},"end":{"line":51,"column":34}},"loc":{"start":{"line":51,"column":44},"end":{"line":53,"column":5}},"line":51},"4":{"name":"(anonymous_4)","decl":{"start":{"line":54,"column":34},"end":{"line":54,"column":35}},"loc":{"start":{"line":54,"column":45},"end":{"line":56,"column":5}},"line":54}},"branchMap":{"0":{"loc":{"start":{"line":57,"column":4},"end":{"line":59,"column":5}},"type":"if","locations":[{"start":{"line":57,"column":4},"end":{"line":59,"column":5}},{"start":{},"end":{}}],"line":57},"1":{"loc":{"start":{"line":65,"column":4},"end":{"line":68,"column":5}},"type":"if","locations":[{"start":{"line":65,"column":4},"end":{"line":68,"column":5}},{"start":{},"end":{}}],"line":65},"2":{"loc":{"start":{"line":95,"column":4},"end":{"line":103,"column":5}},"type":"if","locations":[{"start":{"line":95,"column":4},"end":{"line":103,"column":5}},{"start":{},"end":{}}],"line":95},"3":{"loc":{"start":{"line":110,"column":21},"end":{"line":110,"column":51}},"type":"cond-expr","locations":[{"start":{"line":110,"column":31},"end":{"line":110,"column":44}},{"start":{"line":110,"column":47},"end":{"line":110,"column":51}}],"line":110},"4":{"loc":{"start":{"line":111,"column":18},"end":{"line":113,"column":14}},"type":"cond-expr","locations":[{"start":{"line":112,"column":10},"end":{"line":112,"column":67}},{"start":{"line":113,"column":10},"end":{"line":113,"column":14}}],"line":111}},"s":{"0":1,"1":1,"2":1,"3":1,"4":1,"5":1,"6":1,"7":1,"8":5,"9":5,"10":5,"11":5,"12":5,"13":5,"14":5,"15":5,"16":5,"17":5,"18":5,"19":5,"20":2,"21":3,"22":3,"23":2,"24":2,"25":1,"26":1,"27":1,"28":1,"29":1,"30":1,"31":1,"32":1,"33":1,"34":1,"35":1,"36":1,"37":1},"f":{"0":5,"1":5,"2":5,"3":5,"4":5},"b":{"0":[2,3],"1":[2,1],"2":[1,0],"3":[1,0],"4":[1,0]},"_coverageSchema":"1a1c01bbd47fc00a2c39e90264f33305004495a9","hash":"7d152b090eb1fcb77e4f1defa0c5fad32b4839aa"}
,"C:\\Users\\COMLANVI\\www\\time_manager\\back\\lib\\HttpError.js": {"path":"C:\\Users\\COMLANVI\\www\\time_manager\\back\\lib\\HttpError.js","statementMap":{"0":{"start":{"line":4,"column":8},"end":{"line":4,"column":21}},"1":{"start":{"line":5,"column":8},"end":{"line":5,"column":29}},"2":{"start":{"line":6,"column":8},"end":{"line":6,"column":27}},"3":{"start":{"line":7,"column":8},"end":{"line":7,"column":29}},"4":{"start":{"line":11,"column":0},"end":{"line":11,"column":27}}},"fnMap":{"0":{"name":"(anonymous_0)","decl":{"start":{"line":3,"column":4},"end":{"line":3,"column":5}},"loc":{"start":{"line":3,"column":39},"end":{"line":8,"column":5}},"line":3}},"branchMap":{},"s":{"0":13,"1":13,"2":13,"3":13,"4":6},"f":{"0":13},"b":{},"_coverageSchema":"1a1c01bbd47fc00a2c39e90264f33305004495a9","hash":"71cf59342f15e974c2219fe0ee26af7216091866"}
,"C:\\Users\\COMLANVI\\www\\time_manager\\back\\lib\\otp.js": {"path":"C:\\Users\\COMLANVI\\www\\time_manager\\back\\lib\\otp.js","statementMap":{"0":{"start":{"line":2,"column":17},"end":{"line":2,"column":29}},"1":{"start":{"line":3,"column":12},"end":{"line":3,"column":14}},"2":{"start":{"line":5,"column":2},"end":{"line":8,"column":3}},"3":{"start":{"line":5,"column":15},"end":{"line":5,"column":16}},"4":{"start":{"line":6,"column":26},"end":{"line":6,"column":67}},"5":{"start":{"line":7,"column":6},"end":{"line":7,"column":33}},"6":{"start":{"line":10,"column":2},"end":{"line":10,"column":13}},"7":{"start":{"line":13,"column":0},"end":{"line":15,"column":2}}},"fnMap":{"0":{"name":"generateOtp","decl":{"start":{"line":1,"column":9},"end":{"line":1,"column":20}},"loc":{"start":{"line":1,"column":33},"end":{"line":11,"column":1}},"line":1}},"branchMap":{"0":{"loc":{"start":{"line":1,"column":21},"end":{"line":1,"column":31}},"type":"default-arg","locations":[{"start":{"line":1,"column":30},"end":{"line":1,"column":31}}],"line":1}},"s":{"0":0,"1":0,"2":0,"3":0,"4":0,"5":0,"6":0,"7":1},"f":{"0":0},"b":{"0":[0]},"_coverageSchema":"1a1c01bbd47fc00a2c39e90264f33305004495a9","hash":"ff89279220b8164a7599f1ed16c6a391b5d97043"}
,"C:\\Users\\COMLANVI\\www\\time_manager\\back\\lib\\password.js": {"path":"C:\\Users\\COMLANVI\\www\\time_manager\\back\\lib\\password.js","statementMap":{"0":{"start":{"line":1,"column":15},"end":{"line":1,"column":32}},"1":{"start":{"line":4,"column":4},"end":{"line":4,"column":52}},"2":{"start":{"line":9,"column":4},"end":{"line":9,"column":57}},"3":{"start":{"line":12,"column":0},"end":{"line":12,"column":35}}},"fnMap":{"0":{"name":"hash","decl":{"start":{"line":3,"column":15},"end":{"line":3,"column":19}},"loc":{"start":{"line":3,"column":39},"end":{"line":5,"column":1}},"line":3},"1":{"name":"compare","decl":{"start":{"line":8,"column":15},"end":{"line":8,"column":22}},"loc":{"start":{"line":8,"column":48},"end":{"line":10,"column":1}},"line":8}},"branchMap":{},"s":{"0":1,"1":0,"2":0,"3":1},"f":{"0":0,"1":0},"b":{},"_coverageSchema":"1a1c01bbd47fc00a2c39e90264f33305004495a9","hash":"ef45884c21db5b4d40bfe9765c7c64abcdacf0fc"}
,"C:\\Users\\COMLANVI\\www\\time_manager\\back\\lib\\token.js": {"path":"C:\\Users\\COMLANVI\\www\\time_manager\\back\\lib\\token.js","statementMap":{"0":{"start":{"line":1,"column":12},"end":{"line":1,"column":35}},"1":{"start":{"line":2,"column":23},"end":{"line":2,"column":38}},"2":{"start":{"line":3,"column":15},"end":{"line":3,"column":32}},"3":{"start":{"line":7,"column":4},"end":{"line":7,"column":31}},"4":{"start":{"line":8,"column":4},"end":{"line":8,"column":42}},"5":{"start":{"line":9,"column":4},"end":{"line":9,"column":33}},"6":{"start":{"line":10,"column":4},"end":{"line":10,"column":40}},"7":{"start":{"line":14,"column":16},"end":{"line":14,"column":45}},"8":{"start":{"line":15,"column":16},"end":{"line":15,"column":39}},"9":{"start":{"line":16,"column":20},"end":{"line":20,"column":5}},"10":{"start":{"line":22,"column":18},"end":{"line":22,"column":51}},"11":{"start":{"line":23,"column":4},"end":{"line":26,"column":6}},"12":{"start":{"line":30,"column":25},"end":{"line":30,"column":33}},"13":{"start":{"line":31,"column":22},"end":{"line":31,"column":60}},"14":{"start":{"line":33,"column":4},"end":{"line":37,"column":6}},"15":{"start":{"line":41,"column":16},"end":{"line":41,"column":45}},"16":{"start":{"line":42,"column":16},"end":{"line":42,"column":52}},"17":{"start":{"line":43,"column":20},"end":{"line":47,"column":5}},"18":{"start":{"line":48,"column":4},"end":{"line":48,"column":45}},"19":{"start":{"line":52,"column":4},"end":{"line":52,"column":40}},"20":{"start":{"line":56,"column":4},"end":{"line":56,"column":50}},"21":{"start":{"line":60,"column":0},"end":{"line":60,"column":30}}},"fnMap":{"0":{"name":"(anonymous_0)","decl":{"start":{"line":6,"column":2},"end":{"line":6,"column":3}},"loc":{"start":{"line":6,"column":25},"end":{"line":11,"column":3}},"line":6},"1":{"name":"(anonymous_1)","decl":{"start":{"line":13,"column":2},"end":{"line":13,"column":3}},"loc":{"start":{"line":13,"column":25},"end":{"line":27,"column":3}},"line":13},"2":{"name":"(anonymous_2)","decl":{"start":{"line":29,"column":2},"end":{"line":29,"column":3}},"loc":{"start":{"line":29,"column":26},"end":{"line":38,"column":3}},"line":29},"3":{"name":"(anonymous_3)","decl":{"start":{"line":40,"column":2},"end":{"line":40,"column":3}},"loc":{"start":{"line":40,"column":37},"end":{"line":49,"column":3}},"line":40},"4":{"name":"(anonymous_4)","decl":{"start":{"line":51,"column":2},"end":{"line":51,"column":3}},"loc":{"start":{"line":51,"column":23},"end":{"line":53,"column":3}},"line":51},"5":{"name":"(anonymous_5)","decl":{"start":{"line":55,"column":2},"end":{"line":55,"column":3}},"loc":{"start":{"line":55,"column":18},"end":{"line":57,"column":3}},"line":55}},"branchMap":{},"s":{"0":2,"1":2,"2":2,"3":0,"4":0,"5":0,"6":0,"7":0,"8":0,"9":0,"10":0,"11":0,"12":0,"13":0,"14":0,"15":0,"16":0,"17":0,"18":0,"19":0,"20":0,"21":2},"f":{"0":0,"1":0,"2":0,"3":0,"4":0,"5":0},"b":{},"_coverageSchema":"1a1c01bbd47fc00a2c39e90264f33305004495a9","hash":"0cd13f383b7ca3ae6d3f9dfdd5cefc00b5594376"}
,"C:\\Users\\COMLANVI\\www\\time_manager\\back\\lib\\validation\\form.js": {"path":"C:\\Users\\COMLANVI\\www\\time_manager\\back\\lib\\validation\\form.js","statementMap":{"0":{"start":{"line":1,"column":14},"end":{"line":1,"column":32}},"1":{"start":{"line":9,"column":4},"end":{"line":9,"column":22}},"2":{"start":{"line":10,"column":4},"end":{"line":10,"column":22}},"3":{"start":{"line":11,"column":4},"end":{"line":11,"column":22}},"4":{"start":{"line":21,"column":4},"end":{"line":21,"column":44}},"5":{"start":{"line":22,"column":4},"end":{"line":22,"column":16}},"6":{"start":{"line":31,"column":4},"end":{"line":31,"column":50}},"7":{"start":{"line":40,"column":4},"end":{"line":40,"column":50}},"8":{"start":{"line":49,"column":4},"end":{"line":49,"column":49}},"9":{"start":{"line":58,"column":4},"end":{"line":58,"column":49}},"10":{"start":{"line":66,"column":4},"end":{"line":66,"column":47}},"11":{"start":{"line":75,"column":4},"end":{"line":75,"column":55}},"12":{"start":{"line":84,"column":4},"end":{"line":84,"column":55}},"13":{"start":{"line":93,"column":4},"end":{"line":93,"column":55}},"14":{"start":{"line":102,"column":4},"end":{"line":102,"column":55}},"15":{"start":{"line":110,"column":4},"end":{"line":110,"column":22}},"16":{"start":{"line":111,"column":4},"end":{"line":111,"column":22}},"17":{"start":{"line":113,"column":4},"end":{"line":130,"column":5}},"18":{"start":{"line":114,"column":6},"end":{"line":116,"column":7}},"19":{"start":{"line":115,"column":8},"end":{"line":115,"column":17}},"20":{"start":{"line":118,"column":6},"end":{"line":129,"column":7}},"21":{"start":{"line":119,"column":8},"end":{"line":122,"column":10}},"22":{"start":{"line":124,"column":8},"end":{"line":126,"column":9}},"23":{"start":{"line":125,"column":10},"end":{"line":125,"column":45}},"24":{"start":{"line":128,"column":8},"end":{"line":128,"column":35}},"25":{"start":{"line":132,"column":4},"end":{"line":132,"column":26}},"26":{"start":{"line":139,"column":4},"end":{"line":139,"column":53}},"27":{"start":{"line":147,"column":4},"end":{"line":147,"column":60}},"28":{"start":{"line":154,"column":4},"end":{"line":154,"column":24}},"29":{"start":{"line":163,"column":4},"end":{"line":165,"column":5}},"30":{"start":{"line":164,"column":6},"end":{"line":164,"column":35}},"31":{"start":{"line":167,"column":4},"end":{"line":167,"column":16}},"32":{"start":{"line":174,"column":4},"end":{"line":174,"column":60}},"33":{"start":{"line":181,"column":4},"end":{"line":181,"column":24}},"34":{"start":{"line":185,"column":0},"end":{"line":185,"column":22}}},"fnMap":{"0":{"name":"(anonymous_0)","decl":{"start":{"line":8,"column":2},"end":{"line":8,"column":3}},"loc":{"start":{"line":8,"column":16},"end":{"line":12,"column":3}},"line":8},"1":{"name":"(anonymous_1)","decl":{"start":{"line":30,"column":2},"end":{"line":30,"column":3}},"loc":{"start":{"line":30,"column":31},"end":{"line":32,"column":3}},"line":30},"2":{"name":"(anonymous_2)","decl":{"start":{"line":39,"column":2},"end":{"line":39,"column":3}},"loc":{"start":{"line":39,"column":31},"end":{"line":41,"column":3}},"line":39},"3":{"name":"(anonymous_3)","decl":{"start":{"line":48,"column":2},"end":{"line":48,"column":3}},"loc":{"start":{"line":48,"column":30},"end":{"line":50,"column":3}},"line":48},"4":{"name":"(anonymous_4)","decl":{"start":{"line":57,"column":2},"end":{"line":57,"column":3}},"loc":{"start":{"line":57,"column":30},"end":{"line":59,"column":3}},"line":57},"5":{"name":"(anonymous_5)","decl":{"start":{"line":65,"column":2},"end":{"line":65,"column":3}},"loc":{"start":{"line":65,"column":28},"end":{"line":67,"column":3}},"line":65},"6":{"name":"(anonymous_6)","decl":{"start":{"line":74,"column":2},"end":{"line":74,"column":3}},"loc":{"start":{"line":74,"column":36},"end":{"line":76,"column":3}},"line":74},"7":{"name":"(anonymous_7)","decl":{"start":{"line":83,"column":2},"end":{"line":83,"column":3}},"loc":{"start":{"line":83,"column":36},"end":{"line":85,"column":3}},"line":83},"8":{"name":"(anonymous_8)","decl":{"start":{"line":92,"column":2},"end":{"line":92,"column":3}},"loc":{"start":{"line":92,"column":35},"end":{"line":94,"column":3}},"line":92},"9":{"name":"(anonymous_9)","decl":{"start":{"line":101,"column":2},"end":{"line":101,"column":3}},"loc":{"start":{"line":101,"column":35},"end":{"line":103,"column":3}},"line":101},"10":{"name":"(anonymous_10)","decl":{"start":{"line":109,"column":2},"end":{"line":109,"column":3}},"loc":{"start":{"line":109,"column":17},"end":{"line":133,"column":3}},"line":109},"11":{"name":"(anonymous_11)","decl":{"start":{"line":138,"column":2},"end":{"line":138,"column":3}},"loc":{"start":{"line":138,"column":12},"end":{"line":140,"column":3}},"line":138},"12":{"name":"(anonymous_12)","decl":{"start":{"line":146,"column":2},"end":{"line":146,"column":3}},"loc":{"start":{"line":146,"column":14},"end":{"line":148,"column":3}},"line":146},"13":{"name":"(anonymous_13)","decl":{"start":{"line":153,"column":2},"end":{"line":153,"column":3}},"loc":{"start":{"line":153,"column":11},"end":{"line":155,"column":3}},"line":153},"14":{"name":"(anonymous_14)","decl":{"start":{"line":162,"column":2},"end":{"line":162,"column":3}},"loc":{"start":{"line":162,"column":26},"end":{"line":168,"column":3}},"line":162},"15":{"name":"(anonymous_15)","decl":{"start":{"line":173,"column":2},"end":{"line":173,"column":3}},"loc":{"start":{"line":173,"column":14},"end":{"line":175,"column":3}},"line":173},"16":{"name":"(anonymous_16)","decl":{"start":{"line":180,"column":2},"end":{"line":180,"column":3}},"loc":{"start":{"line":180,"column":11},"end":{"line":182,"column":3}},"line":180}},"branchMap":{"0":{"loc":{"start":{"line":114,"column":6},"end":{"line":116,"column":7}},"type":"if","locations":[{"start":{"line":114,"column":6},"end":{"line":116,"column":7}},{"start":{},"end":{}}],"line":114},"1":{"loc":{"start":{"line":121,"column":10},"end":{"line":121,"column":42}},"type":"cond-expr","locations":[{"start":{"line":121,"column":25},"end":{"line":121,"column":35}},{"start":{"line":121,"column":38},"end":{"line":121,"column":42}}],"line":121},"2":{"loc":{"start":{"line":124,"column":8},"end":{"line":126,"column":9}},"type":"if","locations":[{"start":{"line":124,"column":8},"end":{"line":126,"column":9}},{"start":{},"end":{}}],"line":124},"3":{"loc":{"start":{"line":147,"column":11},"end":{"line":147,"column":59}},"type":"cond-expr","locations":[{"start":{"line":147,"column":34},"end":{"line":147,"column":52}},{"start":{"line":147,"column":55},"end":{"line":147,"column":59}}],"line":147},"4":{"loc":{"start":{"line":163,"column":4},"end":{"line":165,"column":5}},"type":"if","locations":[{"start":{"line":163,"column":4},"end":{"line":165,"column":5}},{"start":{},"end":{}}],"line":163},"5":{"loc":{"start":{"line":174,"column":11},"end":{"line":174,"column":59}},"type":"cond-expr","locations":[{"start":{"line":174,"column":34},"end":{"line":174,"column":52}},{"start":{"line":174,"column":55},"end":{"line":174,"column":59}}],"line":174}},"s":{"0":4,"1":16,"2":16,"3":16,"4":48,"5":48,"6":11,"7":2,"8":0,"9":35,"10":0,"11":0,"12":0,"13":0,"14":0,"15":16,"16":16,"17":16,"18":48,"19":0,"20":48,"21":48,"22":48,"23":48,"24":6,"25":16,"26":16,"27":0,"28":10,"29":12,"30":12,"31":12,"32":26,"33":0,"34":4},"f":{"0":16,"1":11,"2":2,"3":0,"4":35,"5":0,"6":0,"7":0,"8":0,"9":0,"10":16,"11":16,"12":0,"13":10,"14":12,"15":26,"16":0},"b":{"0":[0,48],"1":[48,0],"2":[48,0],"3":[0,0],"4":[12,0],"5":[26,0]},"_coverageSchema":"1a1c01bbd47fc00a2c39e90264f33305004495a9","hash":"3f5df7c9c17190e969549610d99e45e413d8c4e9"}
,"C:\\Users\\COMLANVI\\www\\time_manager\\back\\lib\\validation\\parse.js": {"path":"C:\\Users\\COMLANVI\\www\\time_manager\\back\\lib\\validation\\parse.js","statementMap":{"0":{"start":{"line":2,"column":2},"end":{"line":4,"column":3}},"1":{"start":{"line":3,"column":4},"end":{"line":3,"column":16}},"2":{"start":{"line":6,"column":2},"end":{"line":18,"column":3}},"3":{"start":{"line":7,"column":4},"end":{"line":7,"column":31}},"4":{"start":{"line":8,"column":9},"end":{"line":18,"column":3}},"5":{"start":{"line":9,"column":4},"end":{"line":9,"column":31}},"6":{"start":{"line":10,"column":9},"end":{"line":18,"column":3}},"7":{"start":{"line":11,"column":4},"end":{"line":11,"column":30}},"8":{"start":{"line":12,"column":9},"end":{"line":18,"column":3}},"9":{"start":{"line":13,"column":4},"end":{"line":13,"column":30}},"10":{"start":{"line":14,"column":9},"end":{"line":18,"column":3}},"11":{"start":{"line":15,"column":4},"end":{"line":15,"column":28}},"12":{"start":{"line":16,"column":9},"end":{"line":18,"column":3}},"13":{"start":{"line":17,"column":4},"end":{"line":17,"column":68}},"14":{"start":{"line":20,"column":2},"end":{"line":20,"column":15}},"15":{"start":{"line":24,"column":2},"end":{"line":26,"column":3}},"16":{"start":{"line":25,"column":4},"end":{"line":25,"column":17}},"17":{"start":{"line":28,"column":2},"end":{"line":30,"column":3}},"18":{"start":{"line":29,"column":4},"end":{"line":29,"column":39}},"19":{"start":{"line":32,"column":13},"end":{"line":32,"column":42}},"20":{"start":{"line":34,"column":2},"end":{"line":36,"column":3}},"21":{"start":{"line":35,"column":4},"end":{"line":35,"column":16}},"22":{"start":{"line":38,"column":14},"end":{"line":38,"column":44}},"23":{"start":{"line":39,"column":2},"end":{"line":41,"column":3}},"24":{"start":{"line":40,"column":4},"end":{"line":40,"column":17}},"25":{"start":{"line":43,"column":2},"end":{"line":43,"column":14}},"26":{"start":{"line":47,"column":2},"end":{"line":49,"column":3}},"27":{"start":{"line":48,"column":4},"end":{"line":48,"column":17}},"28":{"start":{"line":51,"column":2},"end":{"line":51,"column":29}},"29":{"start":{"line":52,"column":2},"end":{"line":52,"column":42}},"30":{"start":{"line":56,"column":2},"end":{"line":61,"column":3}},"31":{"start":{"line":57,"column":17},"end":{"line":57,"column":32}},"32":{"start":{"line":58,"column":4},"end":{"line":58,"column":38}},"33":{"start":{"line":59,"column":9},"end":{"line":61,"column":3}},"34":{"start":{"line":60,"column":4},"end":{"line":60,"column":17}},"35":{"start":{"line":62,"column":2},"end":{"line":62,"column":14}},"36":{"start":{"line":66,"column":2},"end":{"line":68,"column":3}},"37":{"start":{"line":67,"column":4},"end":{"line":67,"column":17}},"38":{"start":{"line":70,"column":2},"end":{"line":74,"column":3}},"39":{"start":{"line":71,"column":4},"end":{"line":71,"column":39}},"40":{"start":{"line":72,"column":4},"end":{"line":72,"column":30}},"41":{"start":{"line":73,"column":4},"end":{"line":73,"column":39}},"42":{"start":{"line":76,"column":2},"end":{"line":76,"column":14}},"43":{"start":{"line":80,"column":2},"end":{"line":80,"column":22}},"44":{"start":{"line":84,"column":2},"end":{"line":86,"column":3}},"45":{"start":{"line":85,"column":4},"end":{"line":85,"column":16}},"46":{"start":{"line":88,"column":16},"end":{"line":88,"column":18}},"47":{"start":{"line":90,"column":2},"end":{"line":95,"column":5}},"48":{"start":{"line":91,"column":17},"end":{"line":91,"column":40}},"49":{"start":{"line":92,"column":4},"end":{"line":94,"column":5}},"50":{"start":{"line":93,"column":6},"end":{"line":93,"column":23}},"51":{"start":{"line":97,"column":2},"end":{"line":99,"column":3}},"52":{"start":{"line":98,"column":4},"end":{"line":98,"column":16}},"53":{"start":{"line":101,"column":2},"end":{"line":101,"column":17}},"54":{"start":{"line":104,"column":0},"end":{"line":104,"column":23}}},"fnMap":{"0":{"name":"parse","decl":{"start":{"line":1,"column":9},"end":{"line":1,"column":14}},"loc":{"start":{"line":1,"column":28},"end":{"line":21,"column":1}},"line":1},"1":{"name":"parseBoolean","decl":{"start":{"line":23,"column":9},"end":{"line":23,"column":21}},"loc":{"start":{"line":23,"column":29},"end":{"line":44,"column":1}},"line":23},"2":{"name":"parseInteger","decl":{"start":{"line":46,"column":9},"end":{"line":46,"column":21}},"loc":{"start":{"line":46,"column":29},"end":{"line":53,"column":1}},"line":46},"3":{"name":"parseDate","decl":{"start":{"line":55,"column":9},"end":{"line":55,"column":18}},"loc":{"start":{"line":55,"column":26},"end":{"line":63,"column":1}},"line":55},"4":{"name":"parseNumber","decl":{"start":{"line":65,"column":9},"end":{"line":65,"column":20}},"loc":{"start":{"line":65,"column":28},"end":{"line":77,"column":1}},"line":65},"5":{"name":"parseString","decl":{"start":{"line":79,"column":9},"end":{"line":79,"column":20}},"loc":{"start":{"line":79,"column":28},"end":{"line":81,"column":1}},"line":79},"6":{"name":"parseArray","decl":{"start":{"line":83,"column":9},"end":{"line":83,"column":19}},"loc":{"start":{"line":83,"column":34},"end":{"line":102,"column":1}},"line":83},"7":{"name":"(anonymous_7)","decl":{"start":{"line":90,"column":17},"end":{"line":90,"column":18}},"loc":{"start":{"line":90,"column":28},"end":{"line":95,"column":3}},"line":90}},"branchMap":{"0":{"loc":{"start":{"line":2,"column":2},"end":{"line":4,"column":3}},"type":"if","locations":[{"start":{"line":2,"column":2},"end":{"line":4,"column":3}},{"start":{},"end":{}}],"line":2},"1":{"loc":{"start":{"line":6,"column":2},"end":{"line":18,"column":3}},"type":"if","locations":[{"start":{"line":6,"column":2},"end":{"line":18,"column":3}},{"start":{"line":8,"column":9},"end":{"line":18,"column":3}}],"line":6},"2":{"loc":{"start":{"line":8,"column":9},"end":{"line":18,"column":3}},"type":"if","locations":[{"start":{"line":8,"column":9},"end":{"line":18,"column":3}},{"start":{"line":10,"column":9},"end":{"line":18,"column":3}}],"line":8},"3":{"loc":{"start":{"line":10,"column":9},"end":{"line":18,"column":3}},"type":"if","locations":[{"start":{"line":10,"column":9},"end":{"line":18,"column":3}},{"start":{"line":12,"column":9},"end":{"line":18,"column":3}}],"line":10},"4":{"loc":{"start":{"line":12,"column":9},"end":{"line":18,"column":3}},"type":"if","locations":[{"start":{"line":12,"column":9},"end":{"line":18,"column":3}},{"start":{"line":14,"column":9},"end":{"line":18,"column":3}}],"line":12},"5":{"loc":{"start":{"line":14,"column":9},"end":{"line":18,"column":3}},"type":"if","locations":[{"start":{"line":14,"column":9},"end":{"line":18,"column":3}},{"start":{"line":16,"column":9},"end":{"line":18,"column":3}}],"line":14},"6":{"loc":{"start":{"line":16,"column":9},"end":{"line":18,"column":3}},"type":"if","locations":[{"start":{"line":16,"column":9},"end":{"line":18,"column":3}},{"start":{},"end":{}}],"line":16},"7":{"loc":{"start":{"line":24,"column":2},"end":{"line":26,"column":3}},"type":"if","locations":[{"start":{"line":24,"column":2},"end":{"line":26,"column":3}},{"start":{},"end":{}}],"line":24},"8":{"loc":{"start":{"line":28,"column":2},"end":{"line":30,"column":3}},"type":"if","locations":[{"start":{"line":28,"column":2},"end":{"line":30,"column":3}},{"start":{},"end":{}}],"line":28},"9":{"loc":{"start":{"line":34,"column":2},"end":{"line":36,"column":3}},"type":"if","locations":[{"start":{"line":34,"column":2},"end":{"line":36,"column":3}},{"start":{},"end":{}}],"line":34},"10":{"loc":{"start":{"line":39,"column":2},"end":{"line":41,"column":3}},"type":"if","locations":[{"start":{"line":39,"column":2},"end":{"line":41,"column":3}},{"start":{},"end":{}}],"line":39},"11":{"loc":{"start":{"line":47,"column":2},"end":{"line":49,"column":3}},"type":"if","locations":[{"start":{"line":47,"column":2},"end":{"line":49,"column":3}},{"start":{},"end":{}}],"line":47},"12":{"loc":{"start":{"line":47,"column":6},"end":{"line":47,"column":62}},"type":"binary-expr","locations":[{"start":{"line":47,"column":6},"end":{"line":47,"column":31}},{"start":{"line":47,"column":35},"end":{"line":47,"column":62}}],"line":47},"13":{"loc":{"start":{"line":52,"column":9},"end":{"line":52,"column":41}},"type":"cond-expr","locations":[{"start":{"line":52,"column":17},"end":{"line":52,"column":34}},{"start":{"line":52,"column":37},"end":{"line":52,"column":41}}],"line":52},"14":{"loc":{"start":{"line":56,"column":2},"end":{"line":61,"column":3}},"type":"if","locations":[{"start":{"line":56,"column":2},"end":{"line":61,"column":3}},{"start":{"line":59,"column":9},"end":{"line":61,"column":3}}],"line":56},"15":{"loc":{"start":{"line":58,"column":11},"end":{"line":58,"column":37}},"type":"cond-expr","locations":[{"start":{"line":58,"column":26},"end":{"line":58,"column":30}},{"start":{"line":58,"column":33},"end":{"line":58,"column":37}}],"line":58},"16":{"loc":{"start":{"line":59,"column":9},"end":{"line":61,"column":3}},"type":"if","locations":[{"start":{"line":59,"column":9},"end":{"line":61,"column":3}},{"start":{},"end":{}}],"line":59},"17":{"loc":{"start":{"line":66,"column":2},"end":{"line":68,"column":3}},"type":"if","locations":[{"start":{"line":66,"column":2},"end":{"line":68,"column":3}},{"start":{},"end":{}}],"line":66},"18":{"loc":{"start":{"line":70,"column":2},"end":{"line":74,"column":3}},"type":"if","locations":[{"start":{"line":70,"column":2},"end":{"line":74,"column":3}},{"start":{},"end":{}}],"line":70},"19":{"loc":{"start":{"line":73,"column":11},"end":{"line":73,"column":38}},"type":"cond-expr","locations":[{"start":{"line":73,"column":26},"end":{"line":73,"column":30}},{"start":{"line":73,"column":33},"end":{"line":73,"column":38}}],"line":73},"20":{"loc":{"start":{"line":84,"column":2},"end":{"line":86,"column":3}},"type":"if","locations":[{"start":{"line":84,"column":2},"end":{"line":86,"column":3}},{"start":{},"end":{}}],"line":84},"21":{"loc":{"start":{"line":92,"column":4},"end":{"line":94,"column":5}},"type":"if","locations":[{"start":{"line":92,"column":4},"end":{"line":94,"column":5}},{"start":{},"end":{}}],"line":92},"22":{"loc":{"start":{"line":97,"column":2},"end":{"line":99,"column":3}},"type":"if","locations":[{"start":{"line":97,"column":2},"end":{"line":99,"column":3}},{"start":{},"end":{}}],"line":97}},"s":{"0":48,"1":0,"2":48,"3":11,"4":37,"5":2,"6":35,"7":0,"8":35,"9":35,"10":0,"11":0,"12":0,"13":0,"14":0,"15":11,"16":11,"17":0,"18":0,"19":0,"20":0,"21":0,"22":0,"23":0,"24":0,"25":0,"26":2,"27":2,"28":0,"29":0,"30":0,"31":0,"32":0,"33":0,"34":0,"35":0,"36":0,"37":0,"38":0,"39":0,"40":0,"41":0,"42":0,"43":35,"44":0,"45":0,"46":0,"47":0,"48":0,"49":0,"50":0,"51":0,"52":0,"53":0,"54":4},"f":{"0":48,"1":11,"2":2,"3":0,"4":0,"5":35,"6":0,"7":0},"b":{"0":[0,48],"1":[11,37],"2":[2,35],"3":[0,35],"4":[35,0],"5":[0,0],"6":[0,0],"7":[11,0],"8":[0,0],"9":[0,0],"10":[0,0],"11":[2,0],"12":[2,2],"13":[0,0],"14":[0,0],"15":[0,0],"16":[0,0],"17":[0,0],"18":[0,0],"19":[0,0],"20":[0,0],"21":[0,0],"22":[0,0]},"_coverageSchema":"1a1c01bbd47fc00a2c39e90264f33305004495a9","hash":"2542abec264ddea3d4f6efa99c271255930713d6"}
,"C:\\Users\\COMLANVI\\www\\time_manager\\back\\lib\\validation\\rules.js": {"path":"C:\\Users\\COMLANVI\\www\\time_manager\\back\\lib\\validation\\rules.js","statementMap":{"0":{"start":{"line":2,"column":4},"end":{"line":4,"column":5}},"1":{"start":{"line":3,"column":8},"end":{"line":3,"column":22}},"2":{"start":{"line":8,"column":4},"end":{"line":10,"column":5}},"3":{"start":{"line":9,"column":8},"end":{"line":9,"column":22}},"4":{"start":{"line":14,"column":4},"end":{"line":16,"column":5}},"5":{"start":{"line":15,"column":8},"end":{"line":15,"column":22}},"6":{"start":{"line":20,"column":4},"end":{"line":22,"column":5}},"7":{"start":{"line":21,"column":8},"end":{"line":21,"column":22}},"8":{"start":{"line":26,"column":4},"end":{"line":28,"column":5}},"9":{"start":{"line":27,"column":8},"end":{"line":27,"column":21}},"10":{"start":{"line":31,"column":4},"end":{"line":33,"column":5}},"11":{"start":{"line":32,"column":8},"end":{"line":32,"column":22}},"12":{"start":{"line":37,"column":18},"end":{"line":37,"column":165}},"13":{"start":{"line":38,"column":4},"end":{"line":38,"column":38}},"14":{"start":{"line":41,"column":0},"end":{"line":49,"column":2}}},"fnMap":{"0":{"name":"required","decl":{"start":{"line":1,"column":9},"end":{"line":1,"column":17}},"loc":{"start":{"line":1,"column":47},"end":{"line":5,"column":1}},"line":1},"1":{"name":"minLen","decl":{"start":{"line":7,"column":9},"end":{"line":7,"column":15}},"loc":{"start":{"line":7,"column":49},"end":{"line":11,"column":1}},"line":7},"2":{"name":"maxLen","decl":{"start":{"line":13,"column":9},"end":{"line":13,"column":15}},"loc":{"start":{"line":13,"column":49},"end":{"line":17,"column":1}},"line":13},"3":{"name":"equalLen","decl":{"start":{"line":19,"column":9},"end":{"line":19,"column":17}},"loc":{"start":{"line":19,"column":53},"end":{"line":23,"column":1}},"line":19},"4":{"name":"matchRegex","decl":{"start":{"line":25,"column":9},"end":{"line":25,"column":19}},"loc":{"start":{"line":25,"column":59},"end":{"line":29,"column":1}},"line":25},"5":{"name":"differRegex","decl":{"start":{"line":30,"column":9},"end":{"line":30,"column":20}},"loc":{"start":{"line":30,"column":61},"end":{"line":34,"column":1}},"line":30},"6":{"name":"isEmail","decl":{"start":{"line":36,"column":9},"end":{"line":36,"column":16}},"loc":{"start":{"line":36,"column":46},"end":{"line":39,"column":1}},"line":36}},"branchMap":{"0":{"loc":{"start":{"line":1,"column":25},"end":{"line":1,"column":45}},"type":"default-arg","locations":[{"start":{"line":1,"column":35},"end":{"line":1,"column":45}}],"line":1},"1":{"loc":{"start":{"line":2,"column":4},"end":{"line":4,"column":5}},"type":"if","locations":[{"start":{"line":2,"column":4},"end":{"line":4,"column":5}},{"start":{},"end":{}}],"line":2},"2":{"loc":{"start":{"line":7,"column":28},"end":{"line":7,"column":47}},"type":"default-arg","locations":[{"start":{"line":7,"column":38},"end":{"line":7,"column":47}}],"line":7},"3":{"loc":{"start":{"line":8,"column":4},"end":{"line":10,"column":5}},"type":"if","locations":[{"start":{"line":8,"column":4},"end":{"line":10,"column":5}},{"start":{},"end":{}}],"line":8},"4":{"loc":{"start":{"line":13,"column":28},"end":{"line":13,"column":47}},"type":"default-arg","locations":[{"start":{"line":13,"column":38},"end":{"line":13,"column":47}}],"line":13},"5":{"loc":{"start":{"line":14,"column":4},"end":{"line":16,"column":5}},"type":"if","locations":[{"start":{"line":14,"column":4},"end":{"line":16,"column":5}},{"start":{},"end":{}}],"line":14},"6":{"loc":{"start":{"line":19,"column":30},"end":{"line":19,"column":51}},"type":"default-arg","locations":[{"start":{"line":19,"column":40},"end":{"line":19,"column":51}}],"line":19},"7":{"loc":{"start":{"line":20,"column":4},"end":{"line":22,"column":5}},"type":"if","locations":[{"start":{"line":20,"column":4},"end":{"line":22,"column":5}},{"start":{},"end":{}}],"line":20},"8":{"loc":{"start":{"line":25,"column":34},"end":{"line":25,"column":57}},"type":"default-arg","locations":[{"start":{"line":25,"column":44},"end":{"line":25,"column":57}}],"line":25},"9":{"loc":{"start":{"line":26,"column":4},"end":{"line":28,"column":5}},"type":"if","locations":[{"start":{"line":26,"column":4},"end":{"line":28,"column":5}},{"start":{},"end":{}}],"line":26},"10":{"loc":{"start":{"line":30,"column":35},"end":{"line":30,"column":59}},"type":"default-arg","locations":[{"start":{"line":30,"column":45},"end":{"line":30,"column":59}}],"line":30},"11":{"loc":{"start":{"line":31,"column":4},"end":{"line":33,"column":5}},"type":"if","locations":[{"start":{"line":31,"column":4},"end":{"line":33,"column":5}},{"start":{},"end":{}}],"line":31},"12":{"loc":{"start":{"line":36,"column":24},"end":{"line":36,"column":44}},"type":"default-arg","locations":[{"start":{"line":36,"column":34},"end":{"line":36,"column":44}}],"line":36}},"s":{"0":41,"1":0,"2":8,"3":0,"4":3,"5":0,"6":0,"7":0,"8":11,"9":2,"10":0,"11":0,"12":11,"13":11,"14":3},"f":{"0":41,"1":8,"2":3,"3":0,"4":11,"5":0,"6":11},"b":{"0":[3],"1":[0,41],"2":[0],"3":[0,8],"4":[0],"5":[0,3],"6":[0],"7":[0,0],"8":[0],"9":[2,9],"10":[0],"11":[0,0],"12":[0]},"_coverageSchema":"1a1c01bbd47fc00a2c39e90264f33305004495a9","hash":"2f09afbd546dda94e3b7f9fbcfe78b5eaf9300ad"}
,"C:\\Users\\COMLANVI\\www\\time_manager\\back\\middleware\\auth.js": {"path":"C:\\Users\\COMLANVI\\www\\time_manager\\back\\middleware\\auth.js","statementMap":{"0":{"start":{"line":1,"column":12},"end":{"line":1,"column":35}},"1":{"start":{"line":2,"column":18},"end":{"line":2,"column":45}},"2":{"start":{"line":5,"column":2},"end":{"line":7,"column":3}},"3":{"start":{"line":6,"column":4},"end":{"line":6,"column":16}},"4":{"start":{"line":9,"column":15},"end":{"line":9,"column":59}},"5":{"start":{"line":11,"column":2},"end":{"line":13,"column":3}},"6":{"start":{"line":12,"column":4},"end":{"line":12,"column":16}},"7":{"start":{"line":15,"column":2},"end":{"line":15,"column":17}},"8":{"start":{"line":18,"column":0},"end":{"line":34,"column":2}},"9":{"start":{"line":19,"column":16},"end":{"line":19,"column":29}},"10":{"start":{"line":20,"column":2},"end":{"line":22,"column":3}},"11":{"start":{"line":21,"column":4},"end":{"line":21,"column":47}},"12":{"start":{"line":24,"column":2},"end":{"line":31,"column":3}},"13":{"start":{"line":25,"column":4},"end":{"line":25,"column":70}},"14":{"start":{"line":26,"column":4},"end":{"line":28,"column":6}},"15":{"start":{"line":30,"column":4},"end":{"line":30,"column":42}},"16":{"start":{"line":33,"column":2},"end":{"line":33,"column":15}}},"fnMap":{"0":{"name":"getToken","decl":{"start":{"line":4,"column":9},"end":{"line":4,"column":17}},"loc":{"start":{"line":4,"column":23},"end":{"line":16,"column":1}},"line":4},"1":{"name":"(anonymous_1)","decl":{"start":{"line":18,"column":17},"end":{"line":18,"column":18}},"loc":{"start":{"line":18,"column":38},"end":{"line":34,"column":1}},"line":18}},"branchMap":{"0":{"loc":{"start":{"line":5,"column":2},"end":{"line":7,"column":3}},"type":"if","locations":[{"start":{"line":5,"column":2},"end":{"line":7,"column":3}},{"start":{},"end":{}}],"line":5},"1":{"loc":{"start":{"line":11,"column":2},"end":{"line":13,"column":3}},"type":"if","locations":[{"start":{"line":11,"column":2},"end":{"line":13,"column":3}},{"start":{},"end":{}}],"line":11},"2":{"loc":{"start":{"line":11,"column":6},"end":{"line":11,"column":45}},"type":"binary-expr","locations":[{"start":{"line":11,"column":6},"end":{"line":11,"column":21}},{"start":{"line":11,"column":25},"end":{"line":11,"column":45}}],"line":11},"3":{"loc":{"start":{"line":20,"column":2},"end":{"line":22,"column":3}},"type":"if","locations":[{"start":{"line":20,"column":2},"end":{"line":22,"column":3}},{"start":{},"end":{}}],"line":20}},"s":{"0":4,"1":4,"2":0,"3":0,"4":0,"5":0,"6":0,"7":0,"8":4,"9":0,"10":0,"11":0,"12":0,"13":0,"14":0,"15":0,"16":0},"f":{"0":0,"1":0},"b":{"0":[0,0],"1":[0,0],"2":[0,0],"3":[0,0]},"_coverageSchema":"1a1c01bbd47fc00a2c39e90264f33305004495a9","hash":"4a8ac5c65cb72c00e279db4ead3f0727abaa7411"}
,"C:\\Users\\COMLANVI\\www\\time_manager\\back\\middleware\\permissions.js": {"path":"C:\\Users\\COMLANVI\\www\\time_manager\\back\\middleware\\permissions.js","statementMap":{"0":{"start":{"line":1,"column":18},"end":{"line":1,"column":45}},"1":{"start":{"line":2,"column":0},"end":{"line":21,"column":2}},"2":{"start":{"line":3,"column":18},"end":{"line":3,"column":35}},"3":{"start":{"line":4,"column":18},"end":{"line":4,"column":33}},"4":{"start":{"line":6,"column":21},"end":{"line":11,"column":4}},"5":{"start":{"line":13,"column":2},"end":{"line":18,"column":3}},"6":{"start":{"line":14,"column":4},"end":{"line":17,"column":6}},"7":{"start":{"line":20,"column":2},"end":{"line":20,"column":15}}},"fnMap":{"0":{"name":"(anonymous_0)","decl":{"start":{"line":2,"column":17},"end":{"line":2,"column":18}},"loc":{"start":{"line":2,"column":38},"end":{"line":21,"column":1}},"line":2}},"branchMap":{"0":{"loc":{"start":{"line":13,"column":2},"end":{"line":18,"column":3}},"type":"if","locations":[{"start":{"line":13,"column":2},"end":{"line":18,"column":3}},{"start":{},"end":{}}],"line":13},"1":{"loc":{"start":{"line":13,"column":6},"end":{"line":13,"column":72}},"type":"binary-expr","locations":[{"start":{"line":13,"column":6},"end":{"line":13,"column":17}},{"start":{"line":13,"column":21},"end":{"line":13,"column":72}}],"line":13}},"s":{"0":1,"1":1,"2":0,"3":0,"4":0,"5":0,"6":0,"7":0},"f":{"0":0},"b":{"0":[0,0],"1":[0,0]},"_coverageSchema":"1a1c01bbd47fc00a2c39e90264f33305004495a9","hash":"ff7d032e8e888b54d1fe8bf4af066827510f8696"}
}
