{"C:\\Users\\COMLANVI\\www\\time_manager\\back\\controllers\\project\\all.js": {"path":"C:\\Users\\COMLANVI\\www\\time_manager\\back\\controllers\\project\\all.js","statementMap":{"0":{"start":{"line":25,"column":19},"end":{"line":25,"column":42}},"1":{"start":{"line":26,"column":4},"end":{"line":30,"column":5}},"2":{"start":{"line":27,"column":6},"end":{"line":27,"column":23}},"3":{"start":{"line":28,"column":6},"end":{"line":28,"column":51}},"4":{"start":{"line":29,"column":6},"end":{"line":29,"column":13}},"5":{"start":{"line":32,"column":21},"end":{"line":34,"column":6}},"6":{"start":{"line":36,"column":4},"end":{"line":39,"column":5}},"7":{"start":{"line":37,"column":6},"end":{"line":37,"column":23}},"8":{"start":{"line":38,"column":6},"end":{"line":38,"column":13}},"9":{"start":{"line":41,"column":30},"end":{"line":47,"column":7}},"10":{"start":{"line":41,"column":57},"end":{"line":47,"column":5}},"11":{"start":{"line":49,"column":4},"end":{"line":49,"column":21}},"12":{"start":{"line":50,"column":4},"end":{"line":52,"column":6}},"13":{"start":{"line":56,"column":0},"end":{"line":56,"column":28}}},"fnMap":{"0":{"name":"(anonymous_0)","decl":{"start":{"line":11,"column":2},"end":{"line":11,"column":3}},"loc":{"start":{"line":24,"column":32},"end":{"line":53,"column":3}},"line":24},"1":{"name":"(anonymous_1)","decl":{"start":{"line":41,"column":43},"end":{"line":41,"column":44}},"loc":{"start":{"line":41,"column":57},"end":{"line":47,"column":5}},"line":41}},"branchMap":{"0":{"loc":{"start":{"line":26,"column":4},"end":{"line":30,"column":5}},"type":"if","locations":[{"start":{"line":26,"column":4},"end":{"line":30,"column":5}},{"start":{},"end":{}}],"line":26},"1":{"loc":{"start":{"line":36,"column":4},"end":{"line":39,"column":5}},"type":"if","locations":[{"start":{"line":36,"column":4},"end":{"line":39,"column":5}},{"start":{},"end":{}}],"line":36},"2":{"loc":{"start":{"line":36,"column":8},"end":{"line":36,"column":42}},"type":"binary-expr","locations":[{"start":{"line":36,"column":8},"end":{"line":36,"column":17}},{"start":{"line":36,"column":21},"end":{"line":36,"column":42}}],"line":36},"3":{"loc":{"start":{"line":44,"column":16},"end":{"line":46,"column":14}},"type":"cond-expr","locations":[{"start":{"line":45,"column":10},"end":{"line":45,"column":65}},{"start":{"line":46,"column":10},"end":{"line":46,"column":14}}],"line":44}},"s":{"0":3,"1":3,"2":1,"3":1,"4":1,"5":2,"6":2,"7":1,"8":1,"9":1,"10":2,"11":1,"12":1,"13":1},"f":{"0":3,"1":2},"b":{"0":[1,2],"1":[1,1],"2":[2,2],"3":[2,0]},"_coverageSchema":"1a1c01bbd47fc00a2c39e90264f33305004495a9","hash":"7e3e819b77365695573b4aa089ca3256cee155a8"}
,"C:\\Users\\COMLANVI\\www\\time_manager\\back\\controllers\\team\\create.js": {"path":"C:\\Users\\COMLANVI\\www\\time_manager\\back\\controllers\\team\\create.js","statementMap":{"0":{"start":{"line":34,"column":17},"end":{"line":34,"column":27}},"1":{"start":{"line":35,"column":4},"end":{"line":35,"column":45}},"2":{"start":{"line":36,"column":4},"end":{"line":49,"column":7}},"3":{"start":{"line":37,"column":6},"end":{"line":48,"column":7}},"4":{"start":{"line":38,"column":8},"end":{"line":42,"column":10}},"5":{"start":{"line":43,"column":8},"end":{"line":47,"column":10}},"6":{"start":{"line":51,"column":4},"end":{"line":53,"column":5}},"7":{"start":{"line":52,"column":6},"end":{"line":52,"column":60}},"8":{"start":{"line":55,"column":23},"end":{"line":57,"column":6}},"9":{"start":{"line":58,"column":4},"end":{"line":60,"column":5}},"10":{"start":{"line":59,"column":6},"end":{"line":59,"column":59}},"11":{"start":{"line":62,"column":17},"end":{"line":65,"column":6}},"12":{"start":{"line":67,"column":4},"end":{"line":71,"column":7}},"13":{"start":{"line":73,"column":4},"end":{"line":73,"column":39}},"14":{"start":{"line":77,"column":0},"end":{"line":77,"column":28}}},"fnMap":{"0":{"name":"(anonymous_0)","decl":{"start":{"line":16,"column":2},"end":{"line":16,"column":3}},"loc":{"start":{"line":33,"column":26},"end":{"line":74,"column":3}},"line":33},"1":{"name":"(anonymous_1)","decl":{"start":{"line":36,"column":36},"end":{"line":36,"column":37}},"loc":{"start":{"line":36,"column":47},"end":{"line":49,"column":5}},"line":36}},"branchMap":{"0":{"loc":{"start":{"line":37,"column":6},"end":{"line":48,"column":7}},"type":"if","locations":[{"start":{"line":37,"column":6},"end":{"line":48,"column":7}},{"start":{},"end":{}}],"line":37},"1":{"loc":{"start":{"line":51,"column":4},"end":{"line":53,"column":5}},"type":"if","locations":[{"start":{"line":51,"column":4},"end":{"line":53,"column":5}},{"start":{},"end":{}}],"line":51},"2":{"loc":{"start":{"line":58,"column":4},"end":{"line":60,"column":5}},"type":"if","locations":[{"start":{"line":58,"column":4},"end":{"line":60,"column":5}},{"start":{},"end":{}}],"line":58}},"s":{"0":3,"1":3,"2":3,"3":3,"4":3,"5":3,"6":3,"7":0,"8":3,"9":3,"10":1,"11":2,"12":2,"13":2,"14":1},"f":{"0":3,"1":3},"b":{"0":[3,0],"1":[0,3],"2":[1,2]},"_coverageSchema":"1a1c01bbd47fc00a2c39e90264f33305004495a9","hash":"f63fbcb5b17f052e9b113b8a99c2a4977a4e07e6"}
,"C:\\Users\\COMLANVI\\www\\time_manager\\back\\lib\\HttpError.js": {"path":"C:\\Users\\COMLANVI\\www\\time_manager\\back\\lib\\HttpError.js","statementMap":{"0":{"start":{"line":4,"column":8},"end":{"line":4,"column":21}},"1":{"start":{"line":5,"column":8},"end":{"line":5,"column":29}},"2":{"start":{"line":6,"column":8},"end":{"line":6,"column":27}},"3":{"start":{"line":7,"column":8},"end":{"line":7,"column":29}},"4":{"start":{"line":11,"column":0},"end":{"line":11,"column":27}}},"fnMap":{"0":{"name":"(anonymous_0)","decl":{"start":{"line":3,"column":4},"end":{"line":3,"column":5}},"loc":{"start":{"line":3,"column":39},"end":{"line":8,"column":5}},"line":3}},"branchMap":{},"s":{"0":1,"1":1,"2":1,"3":1,"4":2},"f":{"0":1},"b":{},"_coverageSchema":"1a1c01bbd47fc00a2c39e90264f33305004495a9","hash":"71cf59342f15e974c2219fe0ee26af7216091866"}
,"C:\\Users\\COMLANVI\\www\\time_manager\\back\\lib\\validation\\form.js": {"path":"C:\\Users\\COMLANVI\\www\\time_manager\\back\\lib\\validation\\form.js","statementMap":{"0":{"start":{"line":1,"column":14},"end":{"line":1,"column":32}},"1":{"start":{"line":9,"column":4},"end":{"line":9,"column":22}},"2":{"start":{"line":10,"column":4},"end":{"line":10,"column":22}},"3":{"start":{"line":11,"column":4},"end":{"line":11,"column":22}},"4":{"start":{"line":21,"column":4},"end":{"line":21,"column":44}},"5":{"start":{"line":22,"column":4},"end":{"line":22,"column":16}},"6":{"start":{"line":31,"column":4},"end":{"line":31,"column":50}},"7":{"start":{"line":40,"column":4},"end":{"line":40,"column":50}},"8":{"start":{"line":49,"column":4},"end":{"line":49,"column":49}},"9":{"start":{"line":58,"column":4},"end":{"line":58,"column":49}},"10":{"start":{"line":66,"column":4},"end":{"line":66,"column":47}},"11":{"start":{"line":75,"column":4},"end":{"line":75,"column":55}},"12":{"start":{"line":84,"column":4},"end":{"line":84,"column":55}},"13":{"start":{"line":93,"column":4},"end":{"line":93,"column":55}},"14":{"start":{"line":102,"column":4},"end":{"line":102,"column":55}},"15":{"start":{"line":110,"column":4},"end":{"line":110,"column":22}},"16":{"start":{"line":111,"column":4},"end":{"line":111,"column":22}},"17":{"start":{"line":113,"column":4},"end":{"line":130,"column":5}},"18":{"start":{"line":114,"column":6},"end":{"line":116,"column":7}},"19":{"start":{"line":115,"column":8},"end":{"line":115,"column":17}},"20":{"start":{"line":118,"column":6},"end":{"line":129,"column":7}},"21":{"start":{"line":119,"column":8},"end":{"line":122,"column":10}},"22":{"start":{"line":124,"column":8},"end":{"line":126,"column":9}},"23":{"start":{"line":125,"column":10},"end":{"line":125,"column":45}},"24":{"start":{"line":128,"column":8},"end":{"line":128,"column":35}},"25":{"start":{"line":132,"column":4},"end":{"line":132,"column":26}},"26":{"start":{"line":139,"column":4},"end":{"line":139,"column":53}},"27":{"start":{"line":147,"column":4},"end":{"line":147,"column":60}},"28":{"start":{"line":154,"column":4},"end":{"line":154,"column":24}},"29":{"start":{"line":163,"column":4},"end":{"line":165,"column":5}},"30":{"start":{"line":164,"column":6},"end":{"line":164,"column":35}},"31":{"start":{"line":167,"column":4},"end":{"line":167,"column":16}},"32":{"start":{"line":174,"column":4},"end":{"line":174,"column":60}},"33":{"start":{"line":181,"column":4},"end":{"line":181,"column":24}},"34":{"start":{"line":185,"column":0},"end":{"line":185,"column":22}}},"fnMap":{"0":{"name":"(anonymous_0)","decl":{"start":{"line":8,"column":2},"end":{"line":8,"column":3}},"loc":{"start":{"line":8,"column":16},"end":{"line":12,"column":3}},"line":8},"1":{"name":"(anonymous_1)","decl":{"start":{"line":30,"column":2},"end":{"line":30,"column":3}},"loc":{"start":{"line":30,"column":31},"end":{"line":32,"column":3}},"line":30},"2":{"name":"(anonymous_2)","decl":{"start":{"line":39,"column":2},"end":{"line":39,"column":3}},"loc":{"start":{"line":39,"column":31},"end":{"line":41,"column":3}},"line":39},"3":{"name":"(anonymous_3)","decl":{"start":{"line":48,"column":2},"end":{"line":48,"column":3}},"loc":{"start":{"line":48,"column":30},"end":{"line":50,"column":3}},"line":48},"4":{"name":"(anonymous_4)","decl":{"start":{"line":57,"column":2},"end":{"line":57,"column":3}},"loc":{"start":{"line":57,"column":30},"end":{"line":59,"column":3}},"line":57},"5":{"name":"(anonymous_5)","decl":{"start":{"line":65,"column":2},"end":{"line":65,"column":3}},"loc":{"start":{"line":65,"column":28},"end":{"line":67,"column":3}},"line":65},"6":{"name":"(anonymous_6)","decl":{"start":{"line":74,"column":2},"end":{"line":74,"column":3}},"loc":{"start":{"line":74,"column":36},"end":{"line":76,"column":3}},"line":74},"7":{"name":"(anonymous_7)","decl":{"start":{"line":83,"column":2},"end":{"line":83,"column":3}},"loc":{"start":{"line":83,"column":36},"end":{"line":85,"column":3}},"line":83},"8":{"name":"(anonymous_8)","decl":{"start":{"line":92,"column":2},"end":{"line":92,"column":3}},"loc":{"start":{"line":92,"column":35},"end":{"line":94,"column":3}},"line":92},"9":{"name":"(anonymous_9)","decl":{"start":{"line":101,"column":2},"end":{"line":101,"column":3}},"loc":{"start":{"line":101,"column":35},"end":{"line":103,"column":3}},"line":101},"10":{"name":"(anonymous_10)","decl":{"start":{"line":109,"column":2},"end":{"line":109,"column":3}},"loc":{"start":{"line":109,"column":17},"end":{"line":133,"column":3}},"line":109},"11":{"name":"(anonymous_11)","decl":{"start":{"line":138,"column":2},"end":{"line":138,"column":3}},"loc":{"start":{"line":138,"column":12},"end":{"line":140,"column":3}},"line":138},"12":{"name":"(anonymous_12)","decl":{"start":{"line":146,"column":2},"end":{"line":146,"column":3}},"loc":{"start":{"line":146,"column":14},"end":{"line":148,"column":3}},"line":146},"13":{"name":"(anonymous_13)","decl":{"start":{"line":153,"column":2},"end":{"line":153,"column":3}},"loc":{"start":{"line":153,"column":11},"end":{"line":155,"column":3}},"line":153},"14":{"name":"(anonymous_14)","decl":{"start":{"line":162,"column":2},"end":{"line":162,"column":3}},"loc":{"start":{"line":162,"column":26},"end":{"line":168,"column":3}},"line":162},"15":{"name":"(anonymous_15)","decl":{"start":{"line":173,"column":2},"end":{"line":173,"column":3}},"loc":{"start":{"line":173,"column":14},"end":{"line":175,"column":3}},"line":173},"16":{"name":"(anonymous_16)","decl":{"start":{"line":180,"column":2},"end":{"line":180,"column":3}},"loc":{"start":{"line":180,"column":11},"end":{"line":182,"column":3}},"line":180}},"branchMap":{"0":{"loc":{"start":{"line":114,"column":6},"end":{"line":116,"column":7}},"type":"if","locations":[{"start":{"line":114,"column":6},"end":{"line":116,"column":7}},{"start":{},"end":{}}],"line":114},"1":{"loc":{"start":{"line":121,"column":10},"end":{"line":121,"column":42}},"type":"cond-expr","locations":[{"start":{"line":121,"column":25},"end":{"line":121,"column":35}},{"start":{"line":121,"column":38},"end":{"line":121,"column":42}}],"line":121},"2":{"loc":{"start":{"line":124,"column":8},"end":{"line":126,"column":9}},"type":"if","locations":[{"start":{"line":124,"column":8},"end":{"line":126,"column":9}},{"start":{},"end":{}}],"line":124},"3":{"loc":{"start":{"line":147,"column":11},"end":{"line":147,"column":59}},"type":"cond-expr","locations":[{"start":{"line":147,"column":34},"end":{"line":147,"column":52}},{"start":{"line":147,"column":55},"end":{"line":147,"column":59}}],"line":147},"4":{"loc":{"start":{"line":163,"column":4},"end":{"line":165,"column":5}},"type":"if","locations":[{"start":{"line":163,"column":4},"end":{"line":165,"column":5}},{"start":{},"end":{}}],"line":163},"5":{"loc":{"start":{"line":174,"column":11},"end":{"line":174,"column":59}},"type":"cond-expr","locations":[{"start":{"line":174,"column":34},"end":{"line":174,"column":52}},{"start":{"line":174,"column":55},"end":{"line":174,"column":59}}],"line":174}},"s":{"0":1,"1":3,"2":3,"3":3,"4":6,"5":6,"6":0,"7":0,"8":0,"9":6,"10":0,"11":0,"12":0,"13":0,"14":0,"15":3,"16":3,"17":3,"18":6,"19":0,"20":6,"21":6,"22":6,"23":6,"24":0,"25":3,"26":3,"27":0,"28":0,"29":0,"30":0,"31":0,"32":7,"33":0,"34":1},"f":{"0":3,"1":0,"2":0,"3":0,"4":6,"5":0,"6":0,"7":0,"8":0,"9":0,"10":3,"11":3,"12":0,"13":0,"14":0,"15":7,"16":0},"b":{"0":[0,6],"1":[6,0],"2":[6,0],"3":[0,0],"4":[0,0],"5":[7,0]},"_coverageSchema":"1a1c01bbd47fc00a2c39e90264f33305004495a9","hash":"3f5df7c9c17190e969549610d99e45e413d8c4e9"}
,"C:\\Users\\COMLANVI\\www\\time_manager\\back\\lib\\validation\\parse.js": {"path":"C:\\Users\\COMLANVI\\www\\time_manager\\back\\lib\\validation\\parse.js","statementMap":{"0":{"start":{"line":2,"column":2},"end":{"line":4,"column":3}},"1":{"start":{"line":3,"column":4},"end":{"line":3,"column":16}},"2":{"start":{"line":6,"column":2},"end":{"line":18,"column":3}},"3":{"start":{"line":7,"column":4},"end":{"line":7,"column":31}},"4":{"start":{"line":8,"column":9},"end":{"line":18,"column":3}},"5":{"start":{"line":9,"column":4},"end":{"line":9,"column":31}},"6":{"start":{"line":10,"column":9},"end":{"line":18,"column":3}},"7":{"start":{"line":11,"column":4},"end":{"line":11,"column":30}},"8":{"start":{"line":12,"column":9},"end":{"line":18,"column":3}},"9":{"start":{"line":13,"column":4},"end":{"line":13,"column":30}},"10":{"start":{"line":14,"column":9},"end":{"line":18,"column":3}},"11":{"start":{"line":15,"column":4},"end":{"line":15,"column":28}},"12":{"start":{"line":16,"column":9},"end":{"line":18,"column":3}},"13":{"start":{"line":17,"column":4},"end":{"line":17,"column":68}},"14":{"start":{"line":20,"column":2},"end":{"line":20,"column":15}},"15":{"start":{"line":24,"column":2},"end":{"line":26,"column":3}},"16":{"start":{"line":25,"column":4},"end":{"line":25,"column":17}},"17":{"start":{"line":28,"column":2},"end":{"line":30,"column":3}},"18":{"start":{"line":29,"column":4},"end":{"line":29,"column":39}},"19":{"start":{"line":32,"column":13},"end":{"line":32,"column":42}},"20":{"start":{"line":34,"column":2},"end":{"line":36,"column":3}},"21":{"start":{"line":35,"column":4},"end":{"line":35,"column":16}},"22":{"start":{"line":38,"column":14},"end":{"line":38,"column":44}},"23":{"start":{"line":39,"column":2},"end":{"line":41,"column":3}},"24":{"start":{"line":40,"column":4},"end":{"line":40,"column":17}},"25":{"start":{"line":43,"column":2},"end":{"line":43,"column":14}},"26":{"start":{"line":47,"column":2},"end":{"line":49,"column":3}},"27":{"start":{"line":48,"column":4},"end":{"line":48,"column":17}},"28":{"start":{"line":51,"column":2},"end":{"line":51,"column":29}},"29":{"start":{"line":52,"column":2},"end":{"line":52,"column":42}},"30":{"start":{"line":56,"column":2},"end":{"line":61,"column":3}},"31":{"start":{"line":57,"column":17},"end":{"line":57,"column":32}},"32":{"start":{"line":58,"column":4},"end":{"line":58,"column":38}},"33":{"start":{"line":59,"column":9},"end":{"line":61,"column":3}},"34":{"start":{"line":60,"column":4},"end":{"line":60,"column":17}},"35":{"start":{"line":62,"column":2},"end":{"line":62,"column":14}},"36":{"start":{"line":66,"column":2},"end":{"line":68,"column":3}},"37":{"start":{"line":67,"column":4},"end":{"line":67,"column":17}},"38":{"start":{"line":70,"column":2},"end":{"line":74,"column":3}},"39":{"start":{"line":71,"column":4},"end":{"line":71,"column":39}},"40":{"start":{"line":72,"column":4},"end":{"line":72,"column":30}},"41":{"start":{"line":73,"column":4},"end":{"line":73,"column":39}},"42":{"start":{"line":76,"column":2},"end":{"line":76,"column":14}},"43":{"start":{"line":80,"column":2},"end":{"line":80,"column":22}},"44":{"start":{"line":84,"column":2},"end":{"line":86,"column":3}},"45":{"start":{"line":85,"column":4},"end":{"line":85,"column":16}},"46":{"start":{"line":88,"column":16},"end":{"line":88,"column":18}},"47":{"start":{"line":90,"column":2},"end":{"line":95,"column":5}},"48":{"start":{"line":91,"column":17},"end":{"line":91,"column":40}},"49":{"start":{"line":92,"column":4},"end":{"line":94,"column":5}},"50":{"start":{"line":93,"column":6},"end":{"line":93,"column":23}},"51":{"start":{"line":97,"column":2},"end":{"line":99,"column":3}},"52":{"start":{"line":98,"column":4},"end":{"line":98,"column":16}},"53":{"start":{"line":101,"column":2},"end":{"line":101,"column":17}},"54":{"start":{"line":104,"column":0},"end":{"line":104,"column":23}}},"fnMap":{"0":{"name":"parse","decl":{"start":{"line":1,"column":9},"end":{"line":1,"column":14}},"loc":{"start":{"line":1,"column":28},"end":{"line":21,"column":1}},"line":1},"1":{"name":"parseBoolean","decl":{"start":{"line":23,"column":9},"end":{"line":23,"column":21}},"loc":{"start":{"line":23,"column":29},"end":{"line":44,"column":1}},"line":23},"2":{"name":"parseInteger","decl":{"start":{"line":46,"column":9},"end":{"line":46,"column":21}},"loc":{"start":{"line":46,"column":29},"end":{"line":53,"column":1}},"line":46},"3":{"name":"parseDate","decl":{"start":{"line":55,"column":9},"end":{"line":55,"column":18}},"loc":{"start":{"line":55,"column":26},"end":{"line":63,"column":1}},"line":55},"4":{"name":"parseNumber","decl":{"start":{"line":65,"column":9},"end":{"line":65,"column":20}},"loc":{"start":{"line":65,"column":28},"end":{"line":77,"column":1}},"line":65},"5":{"name":"parseString","decl":{"start":{"line":79,"column":9},"end":{"line":79,"column":20}},"loc":{"start":{"line":79,"column":28},"end":{"line":81,"column":1}},"line":79},"6":{"name":"parseArray","decl":{"start":{"line":83,"column":9},"end":{"line":83,"column":19}},"loc":{"start":{"line":83,"column":34},"end":{"line":102,"column":1}},"line":83},"7":{"name":"(anonymous_7)","decl":{"start":{"line":90,"column":17},"end":{"line":90,"column":18}},"loc":{"start":{"line":90,"column":28},"end":{"line":95,"column":3}},"line":90}},"branchMap":{"0":{"loc":{"start":{"line":2,"column":2},"end":{"line":4,"column":3}},"type":"if","locations":[{"start":{"line":2,"column":2},"end":{"line":4,"column":3}},{"start":{},"end":{}}],"line":2},"1":{"loc":{"start":{"line":6,"column":2},"end":{"line":18,"column":3}},"type":"if","locations":[{"start":{"line":6,"column":2},"end":{"line":18,"column":3}},{"start":{"line":8,"column":9},"end":{"line":18,"column":3}}],"line":6},"2":{"loc":{"start":{"line":8,"column":9},"end":{"line":18,"column":3}},"type":"if","locations":[{"start":{"line":8,"column":9},"end":{"line":18,"column":3}},{"start":{"line":10,"column":9},"end":{"line":18,"column":3}}],"line":8},"3":{"loc":{"start":{"line":10,"column":9},"end":{"line":18,"column":3}},"type":"if","locations":[{"start":{"line":10,"column":9},"end":{"line":18,"column":3}},{"start":{"line":12,"column":9},"end":{"line":18,"column":3}}],"line":10},"4":{"loc":{"start":{"line":12,"column":9},"end":{"line":18,"column":3}},"type":"if","locations":[{"start":{"line":12,"column":9},"end":{"line":18,"column":3}},{"start":{"line":14,"column":9},"end":{"line":18,"column":3}}],"line":12},"5":{"loc":{"start":{"line":14,"column":9},"end":{"line":18,"column":3}},"type":"if","locations":[{"start":{"line":14,"column":9},"end":{"line":18,"column":3}},{"start":{"line":16,"column":9},"end":{"line":18,"column":3}}],"line":14},"6":{"loc":{"start":{"line":16,"column":9},"end":{"line":18,"column":3}},"type":"if","locations":[{"start":{"line":16,"column":9},"end":{"line":18,"column":3}},{"start":{},"end":{}}],"line":16},"7":{"loc":{"start":{"line":24,"column":2},"end":{"line":26,"column":3}},"type":"if","locations":[{"start":{"line":24,"column":2},"end":{"line":26,"column":3}},{"start":{},"end":{}}],"line":24},"8":{"loc":{"start":{"line":28,"column":2},"end":{"line":30,"column":3}},"type":"if","locations":[{"start":{"line":28,"column":2},"end":{"line":30,"column":3}},{"start":{},"end":{}}],"line":28},"9":{"loc":{"start":{"line":34,"column":2},"end":{"line":36,"column":3}},"type":"if","locations":[{"start":{"line":34,"column":2},"end":{"line":36,"column":3}},{"start":{},"end":{}}],"line":34},"10":{"loc":{"start":{"line":39,"column":2},"end":{"line":41,"column":3}},"type":"if","locations":[{"start":{"line":39,"column":2},"end":{"line":41,"column":3}},{"start":{},"end":{}}],"line":39},"11":{"loc":{"start":{"line":47,"column":2},"end":{"line":49,"column":3}},"type":"if","locations":[{"start":{"line":47,"column":2},"end":{"line":49,"column":3}},{"start":{},"end":{}}],"line":47},"12":{"loc":{"start":{"line":47,"column":6},"end":{"line":47,"column":62}},"type":"binary-expr","locations":[{"start":{"line":47,"column":6},"end":{"line":47,"column":31}},{"start":{"line":47,"column":35},"end":{"line":47,"column":62}}],"line":47},"13":{"loc":{"start":{"line":52,"column":9},"end":{"line":52,"column":41}},"type":"cond-expr","locations":[{"start":{"line":52,"column":17},"end":{"line":52,"column":34}},{"start":{"line":52,"column":37},"end":{"line":52,"column":41}}],"line":52},"14":{"loc":{"start":{"line":56,"column":2},"end":{"line":61,"column":3}},"type":"if","locations":[{"start":{"line":56,"column":2},"end":{"line":61,"column":3}},{"start":{"line":59,"column":9},"end":{"line":61,"column":3}}],"line":56},"15":{"loc":{"start":{"line":58,"column":11},"end":{"line":58,"column":37}},"type":"cond-expr","locations":[{"start":{"line":58,"column":26},"end":{"line":58,"column":30}},{"start":{"line":58,"column":33},"end":{"line":58,"column":37}}],"line":58},"16":{"loc":{"start":{"line":59,"column":9},"end":{"line":61,"column":3}},"type":"if","locations":[{"start":{"line":59,"column":9},"end":{"line":61,"column":3}},{"start":{},"end":{}}],"line":59},"17":{"loc":{"start":{"line":66,"column":2},"end":{"line":68,"column":3}},"type":"if","locations":[{"start":{"line":66,"column":2},"end":{"line":68,"column":3}},{"start":{},"end":{}}],"line":66},"18":{"loc":{"start":{"line":70,"column":2},"end":{"line":74,"column":3}},"type":"if","locations":[{"start":{"line":70,"column":2},"end":{"line":74,"column":3}},{"start":{},"end":{}}],"line":70},"19":{"loc":{"start":{"line":73,"column":11},"end":{"line":73,"column":38}},"type":"cond-expr","locations":[{"start":{"line":73,"column":26},"end":{"line":73,"column":30}},{"start":{"line":73,"column":33},"end":{"line":73,"column":38}}],"line":73},"20":{"loc":{"start":{"line":84,"column":2},"end":{"line":86,"column":3}},"type":"if","locations":[{"start":{"line":84,"column":2},"end":{"line":86,"column":3}},{"start":{},"end":{}}],"line":84},"21":{"loc":{"start":{"line":92,"column":4},"end":{"line":94,"column":5}},"type":"if","locations":[{"start":{"line":92,"column":4},"end":{"line":94,"column":5}},{"start":{},"end":{}}],"line":92},"22":{"loc":{"start":{"line":97,"column":2},"end":{"line":99,"column":3}},"type":"if","locations":[{"start":{"line":97,"column":2},"end":{"line":99,"column":3}},{"start":{},"end":{}}],"line":97}},"s":{"0":6,"1":0,"2":6,"3":0,"4":6,"5":0,"6":6,"7":0,"8":6,"9":6,"10":0,"11":0,"12":0,"13":0,"14":0,"15":0,"16":0,"17":0,"18":0,"19":0,"20":0,"21":0,"22":0,"23":0,"24":0,"25":0,"26":0,"27":0,"28":0,"29":0,"30":0,"31":0,"32":0,"33":0,"34":0,"35":0,"36":0,"37":0,"38":0,"39":0,"40":0,"41":0,"42":0,"43":6,"44":0,"45":0,"46":0,"47":0,"48":0,"49":0,"50":0,"51":0,"52":0,"53":0,"54":1},"f":{"0":6,"1":0,"2":0,"3":0,"4":0,"5":6,"6":0,"7":0},"b":{"0":[0,6],"1":[0,6],"2":[0,6],"3":[0,6],"4":[6,0],"5":[0,0],"6":[0,0],"7":[0,0],"8":[0,0],"9":[0,0],"10":[0,0],"11":[0,0],"12":[0,0],"13":[0,0],"14":[0,0],"15":[0,0],"16":[0,0],"17":[0,0],"18":[0,0],"19":[0,0],"20":[0,0],"21":[0,0],"22":[0,0]},"_coverageSchema":"1a1c01bbd47fc00a2c39e90264f33305004495a9","hash":"2542abec264ddea3d4f6efa99c271255930713d6"}
,"C:\\Users\\COMLANVI\\www\\time_manager\\back\\lib\\validation\\rules.js": {"path":"C:\\Users\\COMLANVI\\www\\time_manager\\back\\lib\\validation\\rules.js","statementMap":{"0":{"start":{"line":2,"column":4},"end":{"line":4,"column":5}},"1":{"start":{"line":3,"column":8},"end":{"line":3,"column":22}},"2":{"start":{"line":8,"column":4},"end":{"line":10,"column":5}},"3":{"start":{"line":9,"column":8},"end":{"line":9,"column":22}},"4":{"start":{"line":14,"column":4},"end":{"line":16,"column":5}},"5":{"start":{"line":15,"column":8},"end":{"line":15,"column":22}},"6":{"start":{"line":20,"column":4},"end":{"line":22,"column":5}},"7":{"start":{"line":21,"column":8},"end":{"line":21,"column":22}},"8":{"start":{"line":26,"column":4},"end":{"line":28,"column":5}},"9":{"start":{"line":27,"column":8},"end":{"line":27,"column":21}},"10":{"start":{"line":31,"column":4},"end":{"line":33,"column":5}},"11":{"start":{"line":32,"column":8},"end":{"line":32,"column":22}},"12":{"start":{"line":37,"column":18},"end":{"line":37,"column":165}},"13":{"start":{"line":38,"column":4},"end":{"line":38,"column":38}},"14":{"start":{"line":41,"column":0},"end":{"line":49,"column":2}}},"fnMap":{"0":{"name":"required","decl":{"start":{"line":1,"column":9},"end":{"line":1,"column":17}},"loc":{"start":{"line":1,"column":47},"end":{"line":5,"column":1}},"line":1},"1":{"name":"minLen","decl":{"start":{"line":7,"column":9},"end":{"line":7,"column":15}},"loc":{"start":{"line":7,"column":49},"end":{"line":11,"column":1}},"line":7},"2":{"name":"maxLen","decl":{"start":{"line":13,"column":9},"end":{"line":13,"column":15}},"loc":{"start":{"line":13,"column":49},"end":{"line":17,"column":1}},"line":13},"3":{"name":"equalLen","decl":{"start":{"line":19,"column":9},"end":{"line":19,"column":17}},"loc":{"start":{"line":19,"column":53},"end":{"line":23,"column":1}},"line":19},"4":{"name":"matchRegex","decl":{"start":{"line":25,"column":9},"end":{"line":25,"column":19}},"loc":{"start":{"line":25,"column":59},"end":{"line":29,"column":1}},"line":25},"5":{"name":"differRegex","decl":{"start":{"line":30,"column":9},"end":{"line":30,"column":20}},"loc":{"start":{"line":30,"column":61},"end":{"line":34,"column":1}},"line":30},"6":{"name":"isEmail","decl":{"start":{"line":36,"column":9},"end":{"line":36,"column":16}},"loc":{"start":{"line":36,"column":46},"end":{"line":39,"column":1}},"line":36}},"branchMap":{"0":{"loc":{"start":{"line":1,"column":25},"end":{"line":1,"column":45}},"type":"default-arg","locations":[{"start":{"line":1,"column":35},"end":{"line":1,"column":45}}],"line":1},"1":{"loc":{"start":{"line":2,"column":4},"end":{"line":4,"column":5}},"type":"if","locations":[{"start":{"line":2,"column":4},"end":{"line":4,"column":5}},{"start":{},"end":{}}],"line":2},"2":{"loc":{"start":{"line":7,"column":28},"end":{"line":7,"column":47}},"type":"default-arg","locations":[{"start":{"line":7,"column":38},"end":{"line":7,"column":47}}],"line":7},"3":{"loc":{"start":{"line":8,"column":4},"end":{"line":10,"column":5}},"type":"if","locations":[{"start":{"line":8,"column":4},"end":{"line":10,"column":5}},{"start":{},"end":{}}],"line":8},"4":{"loc":{"start":{"line":13,"column":28},"end":{"line":13,"column":47}},"type":"default-arg","locations":[{"start":{"line":13,"column":38},"end":{"line":13,"column":47}}],"line":13},"5":{"loc":{"start":{"line":14,"column":4},"end":{"line":16,"column":5}},"type":"if","locations":[{"start":{"line":14,"column":4},"end":{"line":16,"column":5}},{"start":{},"end":{}}],"line":14},"6":{"loc":{"start":{"line":19,"column":30},"end":{"line":19,"column":51}},"type":"default-arg","locations":[{"start":{"line":19,"column":40},"end":{"line":19,"column":51}}],"line":19},"7":{"loc":{"start":{"line":20,"column":4},"end":{"line":22,"column":5}},"type":"if","locations":[{"start":{"line":20,"column":4},"end":{"line":22,"column":5}},{"start":{},"end":{}}],"line":20},"8":{"loc":{"start":{"line":25,"column":34},"end":{"line":25,"column":57}},"type":"default-arg","locations":[{"start":{"line":25,"column":44},"end":{"line":25,"column":57}}],"line":25},"9":{"loc":{"start":{"line":26,"column":4},"end":{"line":28,"column":5}},"type":"if","locations":[{"start":{"line":26,"column":4},"end":{"line":28,"column":5}},{"start":{},"end":{}}],"line":26},"10":{"loc":{"start":{"line":30,"column":35},"end":{"line":30,"column":59}},"type":"default-arg","locations":[{"start":{"line":30,"column":45},"end":{"line":30,"column":59}}],"line":30},"11":{"loc":{"start":{"line":31,"column":4},"end":{"line":33,"column":5}},"type":"if","locations":[{"start":{"line":31,"column":4},"end":{"line":33,"column":5}},{"start":{},"end":{}}],"line":31},"12":{"loc":{"start":{"line":36,"column":24},"end":{"line":36,"column":44}},"type":"default-arg","locations":[{"start":{"line":36,"column":34},"end":{"line":36,"column":44}}],"line":36}},"s":{"0":3,"1":0,"2":3,"3":0,"4":3,"5":0,"6":0,"7":0,"8":0,"9":0,"10":0,"11":0,"12":0,"13":0,"14":1},"f":{"0":3,"1":3,"2":3,"3":0,"4":0,"5":0,"6":0},"b":{"0":[3],"1":[0,3],"2":[0],"3":[0,3],"4":[0],"5":[0,3],"6":[0],"7":[0,0],"8":[0],"9":[0,0],"10":[0],"11":[0,0],"12":[0]},"_coverageSchema":"1a1c01bbd47fc00a2c39e90264f33305004495a9","hash":"2f09afbd546dda94e3b7f9fbcfe78b5eaf9300ad"}
,"C:\\Users\\COMLANVI\\www\\time_manager\\back\\middleware\\auth.js": {"path":"C:\\Users\\COMLANVI\\www\\time_manager\\back\\middleware\\auth.js","statementMap":{"0":{"start":{"line":1,"column":12},"end":{"line":1,"column":35}},"1":{"start":{"line":2,"column":18},"end":{"line":2,"column":45}},"2":{"start":{"line":5,"column":2},"end":{"line":7,"column":3}},"3":{"start":{"line":6,"column":4},"end":{"line":6,"column":16}},"4":{"start":{"line":9,"column":15},"end":{"line":9,"column":59}},"5":{"start":{"line":11,"column":2},"end":{"line":13,"column":3}},"6":{"start":{"line":12,"column":4},"end":{"line":12,"column":16}},"7":{"start":{"line":15,"column":2},"end":{"line":15,"column":17}},"8":{"start":{"line":18,"column":0},"end":{"line":34,"column":2}},"9":{"start":{"line":19,"column":16},"end":{"line":19,"column":29}},"10":{"start":{"line":20,"column":2},"end":{"line":22,"column":3}},"11":{"start":{"line":21,"column":4},"end":{"line":21,"column":47}},"12":{"start":{"line":24,"column":2},"end":{"line":31,"column":3}},"13":{"start":{"line":25,"column":4},"end":{"line":25,"column":70}},"14":{"start":{"line":26,"column":4},"end":{"line":28,"column":6}},"15":{"start":{"line":30,"column":4},"end":{"line":30,"column":42}},"16":{"start":{"line":33,"column":2},"end":{"line":33,"column":15}}},"fnMap":{"0":{"name":"getToken","decl":{"start":{"line":4,"column":9},"end":{"line":4,"column":17}},"loc":{"start":{"line":4,"column":23},"end":{"line":16,"column":1}},"line":4},"1":{"name":"(anonymous_1)","decl":{"start":{"line":18,"column":17},"end":{"line":18,"column":18}},"loc":{"start":{"line":18,"column":38},"end":{"line":34,"column":1}},"line":18}},"branchMap":{"0":{"loc":{"start":{"line":5,"column":2},"end":{"line":7,"column":3}},"type":"if","locations":[{"start":{"line":5,"column":2},"end":{"line":7,"column":3}},{"start":{},"end":{}}],"line":5},"1":{"loc":{"start":{"line":11,"column":2},"end":{"line":13,"column":3}},"type":"if","locations":[{"start":{"line":11,"column":2},"end":{"line":13,"column":3}},{"start":{},"end":{}}],"line":11},"2":{"loc":{"start":{"line":11,"column":6},"end":{"line":11,"column":45}},"type":"binary-expr","locations":[{"start":{"line":11,"column":6},"end":{"line":11,"column":21}},{"start":{"line":11,"column":25},"end":{"line":11,"column":45}}],"line":11},"3":{"loc":{"start":{"line":20,"column":2},"end":{"line":22,"column":3}},"type":"if","locations":[{"start":{"line":20,"column":2},"end":{"line":22,"column":3}},{"start":{},"end":{}}],"line":20}},"s":{"0":2,"1":2,"2":0,"3":0,"4":0,"5":0,"6":0,"7":0,"8":2,"9":0,"10":0,"11":0,"12":0,"13":0,"14":0,"15":0,"16":0},"f":{"0":0,"1":0},"b":{"0":[0,0],"1":[0,0],"2":[0,0],"3":[0,0]},"_coverageSchema":"1a1c01bbd47fc00a2c39e90264f33305004495a9","hash":"4a8ac5c65cb72c00e279db4ead3f0727abaa7411"}
}
