TN:
SF:emailSender.js
FN:3,sendEmail
FNF:1
FNH:0
FNDA:0,sendEmail
DA:4,0
DA:5,0
DA:12,0
DA:16,2
LF:4
LH:1
BRF:0
BRH:0
end_of_record
TN:
SF:config\emailConfig.js
FNF:0
FNH:0
DA:1,2
DA:3,2
DA:13,2
LF:3
LH:3
BRF:0
BRH:0
end_of_record
TN:
SF:controllers\invitation\create.js
FN:16,(anonymous_0)
FN:40,(anonymous_1)
FN:44,(anonymous_2)
FN:90,(anonymous_3)
FNF:4
FNH:3
FNDA:2,(anonymous_0)
FNDA:2,(anonymous_1)
FNDA:2,(anonymous_2)
FNDA:0,(anonymous_3)
DA:4,1
DA:39,2
DA:40,2
DA:41,2
DA:42,0
DA:44,2
DA:45,2
DA:48,2
DA:49,2
DA:52,0
DA:53,0
DA:54,0
DA:56,0
DA:58,0
DA:59,0
DA:62,0
DA:63,0
DA:64,0
DA:67,0
DA:76,0
DA:78,0
DA:79,0
DA:80,0
DA:83,0
DA:86,0
DA:87,0
DA:91,0
DA:92,0
DA:94,0
DA:98,1
LF:30
LH:9
BRDA:48,0,0,2
BRDA:48,0,1,0
BRDA:56,1,0,0
BRDA:56,1,1,0
BRDA:62,2,0,0
BRDA:62,2,1,0
BRDA:63,3,0,0
BRDA:63,3,1,0
BRDA:76,4,0,0
BRDA:76,4,1,0
BRF:10
BRH:1
end_of_record
TN:
SF:controllers\project\all.js
FN:11,(anonymous_0)
FN:41,(anonymous_1)
FNF:2
FNH:2
FNDA:3,(anonymous_0)
FNDA:2,(anonymous_1)
DA:25,3
DA:26,3
DA:27,1
DA:28,1
DA:29,1
DA:32,2
DA:36,2
DA:37,1
DA:38,1
DA:41,2
DA:49,1
DA:50,1
DA:56,1
LF:13
LH:13
BRDA:26,0,0,1
BRDA:26,0,1,2
BRDA:36,1,0,1
BRDA:36,1,1,1
BRDA:36,2,0,2
BRDA:36,2,1,2
BRDA:44,3,0,2
BRDA:44,3,1,0
BRF:8
BRH:7
end_of_record
TN:
SF:controllers\task\all.js
FN:12,(anonymous_0)
FN:41,(anonymous_1)
FNF:2
FNH:2
FNDA:5,(anonymous_0)
FNDA:2,(anonymous_1)
DA:25,5
DA:26,5
DA:27,5
DA:28,3
DA:29,1
DA:30,1
DA:33,2
DA:36,2
DA:37,1
DA:38,1
DA:41,2
DA:47,1
DA:48,1
DA:50,2
DA:55,1
LF:15
LH:15
BRDA:28,0,0,1
BRDA:28,0,1,2
BRDA:36,1,0,1
BRDA:36,1,1,1
BRF:4
BRH:4
end_of_record
TN:
SF:controllers\team\create.js
FN:16,(anonymous_0)
FN:36,(anonymous_1)
FNF:2
FNH:2
FNDA:3,(anonymous_0)
FNDA:3,(anonymous_1)
DA:34,3
DA:35,3
DA:36,3
DA:37,3
DA:38,3
DA:43,3
DA:51,3
DA:52,0
DA:55,3
DA:58,3
DA:59,1
DA:62,2
DA:67,2
DA:73,2
DA:77,1
LF:15
LH:14
BRDA:37,0,0,3
BRDA:37,0,1,0
BRDA:51,1,0,0
BRDA:51,1,1,3
BRDA:58,2,0,1
BRDA:58,2,1,2
BRF:6
BRH:4
end_of_record
TN:
SF:controllers\user\auth\signin.js
FN:8,(anonymous_0)
FN:29,(anonymous_1)
FN:33,(anonymous_2)
FN:36,(anonymous_3)
FNF:4
FNH:4
FNDA:6,(anonymous_0)
FNDA:6,(anonymous_1)
FNDA:6,(anonymous_2)
FNDA:6,(anonymous_3)
DA:5,1
DA:28,6
DA:29,6
DA:30,6
DA:31,6
DA:33,6
DA:34,6
DA:36,6
DA:37,6
DA:40,6
DA:41,0
DA:44,6
DA:48,6
DA:49,2
DA:50,2
DA:53,4
DA:55,4
DA:56,0
DA:57,0
DA:60,4
DA:61,2
DA:62,2
DA:65,2
DA:69,2
DA:70,2
DA:72,2
DA:73,2
DA:74,1
DA:75,1
DA:81,2
DA:82,2
DA:97,1
LF:32
LH:29
BRDA:40,0,0,0
BRDA:40,0,1,6
BRDA:48,1,0,2
BRDA:48,1,1,4
BRDA:55,2,0,0
BRDA:55,2,1,4
BRDA:60,3,0,2
BRDA:60,3,1,2
BRDA:73,4,0,1
BRDA:73,4,1,1
BRDA:88,5,0,0
BRDA:88,5,1,2
BRDA:89,6,0,0
BRDA:89,6,1,2
BRF:14
BRH:10
end_of_record
TN:
SF:controllers\user\auth\signup.js
FN:17,(anonymous_0)
FN:43,(anonymous_1)
FN:47,(anonymous_2)
FN:51,(anonymous_3)
FN:54,(anonymous_4)
FNF:5
FNH:5
FNDA:5,(anonymous_0)
FNDA:5,(anonymous_1)
FNDA:5,(anonymous_2)
FNDA:5,(anonymous_3)
FNDA:5,(anonymous_4)
DA:1,1
DA:2,1
DA:3,1
DA:4,1
DA:5,1
DA:6,1
DA:7,1
DA:15,1
DA:42,5
DA:43,5
DA:44,5
DA:45,5
DA:47,5
DA:48,5
DA:49,5
DA:51,5
DA:52,5
DA:54,5
DA:55,5
DA:57,5
DA:58,2
DA:61,3
DA:65,3
DA:66,2
DA:67,2
DA:70,1
DA:75,1
DA:80,1
DA:82,1
DA:88,1
DA:92,1
DA:93,1
DA:94,1
DA:95,1
DA:96,1
DA:98,1
DA:104,1
DA:119,1
LF:38
LH:38
BRDA:57,0,0,2
BRDA:57,0,1,3
BRDA:65,1,0,2
BRDA:65,1,1,1
BRDA:95,2,0,1
BRDA:95,2,1,0
BRDA:110,3,0,1
BRDA:110,3,1,0
BRDA:111,4,0,1
BRDA:111,4,1,0
BRF:10
BRH:7
end_of_record
TN:
SF:lib\HttpError.js
FN:3,(anonymous_0)
FNF:1
FNH:1
FNDA:13,(anonymous_0)
DA:4,13
DA:5,13
DA:6,13
DA:7,13
DA:11,6
LF:5
LH:5
BRF:0
BRH:0
end_of_record
TN:
SF:lib\otp.js
FN:1,generateOtp
FNF:1
FNH:0
FNDA:0,generateOtp
DA:2,0
DA:3,0
DA:5,0
DA:6,0
DA:7,0
DA:10,0
DA:13,1
LF:7
LH:1
BRDA:1,0,0,0
BRF:1
BRH:0
end_of_record
TN:
SF:lib\password.js
FN:3,hash
FN:8,compare
FNF:2
FNH:0
FNDA:0,hash
FNDA:0,compare
DA:1,1
DA:4,0
DA:9,0
DA:12,1
LF:4
LH:2
BRF:0
BRH:0
end_of_record
TN:
SF:lib\token.js
FN:6,(anonymous_0)
FN:13,(anonymous_1)
FN:29,(anonymous_2)
FN:40,(anonymous_3)
FN:51,(anonymous_4)
FN:55,(anonymous_5)
FNF:6
FNH:0
FNDA:0,(anonymous_0)
FNDA:0,(anonymous_1)
FNDA:0,(anonymous_2)
FNDA:0,(anonymous_3)
FNDA:0,(anonymous_4)
FNDA:0,(anonymous_5)
DA:1,2
DA:2,2
DA:3,2
DA:7,0
DA:8,0
DA:9,0
DA:10,0
DA:14,0
DA:15,0
DA:16,0
DA:22,0
DA:23,0
DA:30,0
DA:31,0
DA:33,0
DA:41,0
DA:42,0
DA:43,0
DA:48,0
DA:52,0
DA:56,0
DA:60,2
LF:22
LH:4
BRF:0
BRH:0
end_of_record
TN:
SF:lib\validation\form.js
FN:8,(anonymous_0)
FN:30,(anonymous_1)
FN:39,(anonymous_2)
FN:48,(anonymous_3)
FN:57,(anonymous_4)
FN:65,(anonymous_5)
FN:74,(anonymous_6)
FN:83,(anonymous_7)
FN:92,(anonymous_8)
FN:101,(anonymous_9)
FN:109,(anonymous_10)
FN:138,(anonymous_11)
FN:146,(anonymous_12)
FN:153,(anonymous_13)
FN:162,(anonymous_14)
FN:173,(anonymous_15)
FN:180,(anonymous_16)
FNF:17
FNH:9
FNDA:16,(anonymous_0)
FNDA:11,(anonymous_1)
FNDA:2,(anonymous_2)
FNDA:0,(anonymous_3)
FNDA:35,(anonymous_4)
FNDA:0,(anonymous_5)
FNDA:0,(anonymous_6)
FNDA:0,(anonymous_7)
FNDA:0,(anonymous_8)
FNDA:0,(anonymous_9)
FNDA:16,(anonymous_10)
FNDA:16,(anonymous_11)
FNDA:0,(anonymous_12)
FNDA:10,(anonymous_13)
FNDA:12,(anonymous_14)
FNDA:26,(anonymous_15)
FNDA:0,(anonymous_16)
DA:1,4
DA:9,16
DA:10,16
DA:11,16
DA:21,48
DA:22,48
DA:31,11
DA:40,2
DA:49,0
DA:58,35
DA:66,0
DA:75,0
DA:84,0
DA:93,0
DA:102,0
DA:110,16
DA:111,16
DA:113,16
DA:114,48
DA:115,0
DA:118,48
DA:119,48
DA:124,48
DA:125,48
DA:128,6
DA:132,16
DA:139,16
DA:147,0
DA:154,10
DA:163,12
DA:164,12
DA:167,12
DA:174,26
DA:181,0
DA:185,4
LF:35
LH:26
BRDA:114,0,0,0
BRDA:114,0,1,48
BRDA:121,1,0,48
BRDA:121,1,1,0
BRDA:124,2,0,48
BRDA:124,2,1,0
BRDA:147,3,0,0
BRDA:147,3,1,0
BRDA:163,4,0,12
BRDA:163,4,1,0
BRDA:174,5,0,26
BRDA:174,5,1,0
BRF:12
BRH:5
end_of_record
TN:
SF:lib\validation\parse.js
FN:1,parse
FN:23,parseBoolean
FN:46,parseInteger
FN:55,parseDate
FN:65,parseNumber
FN:79,parseString
FN:83,parseArray
FN:90,(anonymous_7)
FNF:8
FNH:4
FNDA:48,parse
FNDA:11,parseBoolean
FNDA:2,parseInteger
FNDA:0,parseDate
FNDA:0,parseNumber
FNDA:35,parseString
FNDA:0,parseArray
FNDA:0,(anonymous_7)
DA:2,48
DA:3,0
DA:6,48
DA:7,11
DA:8,37
DA:9,2
DA:10,35
DA:11,0
DA:12,35
DA:13,35
DA:14,0
DA:15,0
DA:16,0
DA:17,0
DA:20,0
DA:24,11
DA:25,11
DA:28,0
DA:29,0
DA:32,0
DA:34,0
DA:35,0
DA:38,0
DA:39,0
DA:40,0
DA:43,0
DA:47,2
DA:48,2
DA:51,0
DA:52,0
DA:56,0
DA:57,0
DA:58,0
DA:59,0
DA:60,0
DA:62,0
DA:66,0
DA:67,0
DA:70,0
DA:71,0
DA:72,0
DA:73,0
DA:76,0
DA:80,35
DA:84,0
DA:85,0
DA:88,0
DA:90,0
DA:91,0
DA:92,0
DA:93,0
DA:97,0
DA:98,0
DA:101,0
DA:104,4
LF:55
LH:14
BRDA:2,0,0,0
BRDA:2,0,1,48
BRDA:6,1,0,11
BRDA:6,1,1,37
BRDA:8,2,0,2
BRDA:8,2,1,35
BRDA:10,3,0,0
BRDA:10,3,1,35
BRDA:12,4,0,35
BRDA:12,4,1,0
BRDA:14,5,0,0
BRDA:14,5,1,0
BRDA:16,6,0,0
BRDA:16,6,1,0
BRDA:24,7,0,11
BRDA:24,7,1,0
BRDA:28,8,0,0
BRDA:28,8,1,0
BRDA:34,9,0,0
BRDA:34,9,1,0
BRDA:39,10,0,0
BRDA:39,10,1,0
BRDA:47,11,0,2
BRDA:47,11,1,0
BRDA:47,12,0,2
BRDA:47,12,1,2
BRDA:52,13,0,0
BRDA:52,13,1,0
BRDA:56,14,0,0
BRDA:56,14,1,0
BRDA:58,15,0,0
BRDA:58,15,1,0
BRDA:59,16,0,0
BRDA:59,16,1,0
BRDA:66,17,0,0
BRDA:66,17,1,0
BRDA:70,18,0,0
BRDA:70,18,1,0
BRDA:73,19,0,0
BRDA:73,19,1,0
BRDA:84,20,0,0
BRDA:84,20,1,0
BRDA:92,21,0,0
BRDA:92,21,1,0
BRDA:97,22,0,0
BRDA:97,22,1,0
BRF:46
BRH:11
end_of_record
TN:
SF:lib\validation\rules.js
FN:1,required
FN:7,minLen
FN:13,maxLen
FN:19,equalLen
FN:25,matchRegex
FN:30,differRegex
FN:36,isEmail
FNF:7
FNH:5
FNDA:41,required
FNDA:8,minLen
FNDA:3,maxLen
FNDA:0,equalLen
FNDA:11,matchRegex
FNDA:0,differRegex
FNDA:11,isEmail
DA:2,41
DA:3,0
DA:8,8
DA:9,0
DA:14,3
DA:15,0
DA:20,0
DA:21,0
DA:26,11
DA:27,2
DA:31,0
DA:32,0
DA:37,11
DA:38,11
DA:41,3
LF:15
LH:8
BRDA:1,0,0,3
BRDA:2,1,0,0
BRDA:2,1,1,41
BRDA:7,2,0,0
BRDA:8,3,0,0
BRDA:8,3,1,8
BRDA:13,4,0,0
BRDA:14,5,0,0
BRDA:14,5,1,3
BRDA:19,6,0,0
BRDA:20,7,0,0
BRDA:20,7,1,0
BRDA:25,8,0,0
BRDA:26,9,0,2
BRDA:26,9,1,9
BRDA:30,10,0,0
BRDA:31,11,0,0
BRDA:31,11,1,0
BRDA:36,12,0,0
BRF:19
BRH:6
end_of_record
TN:
SF:middleware\auth.js
FN:4,getToken
FN:18,(anonymous_1)
FNF:2
FNH:0
FNDA:0,getToken
FNDA:0,(anonymous_1)
DA:1,4
DA:2,4
DA:5,0
DA:6,0
DA:9,0
DA:11,0
DA:12,0
DA:15,0
DA:18,4
DA:19,0
DA:20,0
DA:21,0
DA:24,0
DA:25,0
DA:26,0
DA:30,0
DA:33,0
LF:17
LH:3
BRDA:5,0,0,0
BRDA:5,0,1,0
BRDA:11,1,0,0
BRDA:11,1,1,0
BRDA:11,2,0,0
BRDA:11,2,1,0
BRDA:20,3,0,0
BRDA:20,3,1,0
BRF:8
BRH:0
end_of_record
TN:
SF:middleware\permissions.js
FN:2,(anonymous_0)
FNF:1
FNH:0
FNDA:0,(anonymous_0)
DA:1,1
DA:2,1
DA:3,0
DA:4,0
DA:6,0
DA:13,0
DA:14,0
DA:20,0
LF:8
LH:2
BRDA:13,0,0,0
BRDA:13,0,1,0
BRDA:13,1,0,0
BRDA:13,1,1,0
BRF:4
BRH:0
end_of_record
