TN:
SF:controllers\project\all.js
FN:11,(anonymous_0)
FN:41,(anonymous_1)
FNF:2
FNH:2
FNDA:3,(anonymous_0)
FNDA:2,(anonymous_1)
DA:25,3
DA:26,3
DA:27,1
DA:28,1
DA:29,1
DA:32,2
DA:36,2
DA:37,1
DA:38,1
DA:41,2
DA:49,1
DA:50,1
DA:56,1
LF:13
LH:13
BRDA:26,0,0,1
BRDA:26,0,1,2
BRDA:36,1,0,1
BRDA:36,1,1,1
BRDA:36,2,0,2
BRDA:36,2,1,2
BRDA:44,3,0,2
BRDA:44,3,1,0
BRF:8
BRH:7
end_of_record
TN:
SF:controllers\team\create.js
FN:16,(anonymous_0)
FN:36,(anonymous_1)
FNF:2
FNH:2
FNDA:3,(anonymous_0)
FNDA:3,(anonymous_1)
DA:34,3
DA:35,3
DA:36,3
DA:37,3
DA:38,3
DA:43,3
DA:51,3
DA:52,0
DA:55,3
DA:58,3
DA:59,1
DA:62,2
DA:67,2
DA:73,2
DA:77,1
LF:15
LH:14
BRDA:37,0,0,3
BRDA:37,0,1,0
BRDA:51,1,0,0
BRDA:51,1,1,3
BRDA:58,2,0,1
BRDA:58,2,1,2
BRF:6
BRH:4
end_of_record
TN:
SF:lib\HttpError.js
FN:3,(anonymous_0)
FNF:1
FNH:1
FNDA:1,(anonymous_0)
DA:4,1
DA:5,1
DA:6,1
DA:7,1
DA:11,2
LF:5
LH:5
BRF:0
BRH:0
end_of_record
TN:
SF:lib\validation\form.js
FN:8,(anonymous_0)
FN:30,(anonymous_1)
FN:39,(anonymous_2)
FN:48,(anonymous_3)
FN:57,(anonymous_4)
FN:65,(anonymous_5)
FN:74,(anonymous_6)
FN:83,(anonymous_7)
FN:92,(anonymous_8)
FN:101,(anonymous_9)
FN:109,(anonymous_10)
FN:138,(anonymous_11)
FN:146,(anonymous_12)
FN:153,(anonymous_13)
FN:162,(anonymous_14)
FN:173,(anonymous_15)
FN:180,(anonymous_16)
FNF:17
FNH:5
FNDA:3,(anonymous_0)
FNDA:0,(anonymous_1)
FNDA:0,(anonymous_2)
FNDA:0,(anonymous_3)
FNDA:6,(anonymous_4)
FNDA:0,(anonymous_5)
FNDA:0,(anonymous_6)
FNDA:0,(anonymous_7)
FNDA:0,(anonymous_8)
FNDA:0,(anonymous_9)
FNDA:3,(anonymous_10)
FNDA:3,(anonymous_11)
FNDA:0,(anonymous_12)
FNDA:0,(anonymous_13)
FNDA:0,(anonymous_14)
FNDA:7,(anonymous_15)
FNDA:0,(anonymous_16)
DA:1,1
DA:9,3
DA:10,3
DA:11,3
DA:21,6
DA:22,6
DA:31,0
DA:40,0
DA:49,0
DA:58,6
DA:66,0
DA:75,0
DA:84,0
DA:93,0
DA:102,0
DA:110,3
DA:111,3
DA:113,3
DA:114,6
DA:115,0
DA:118,6
DA:119,6
DA:124,6
DA:125,6
DA:128,0
DA:132,3
DA:139,3
DA:147,0
DA:154,0
DA:163,0
DA:164,0
DA:167,0
DA:174,7
DA:181,0
DA:185,1
LF:35
LH:19
BRDA:114,0,0,0
BRDA:114,0,1,6
BRDA:121,1,0,6
BRDA:121,1,1,0
BRDA:124,2,0,6
BRDA:124,2,1,0
BRDA:147,3,0,0
BRDA:147,3,1,0
BRDA:163,4,0,0
BRDA:163,4,1,0
BRDA:174,5,0,7
BRDA:174,5,1,0
BRF:12
BRH:4
end_of_record
TN:
SF:lib\validation\parse.js
FN:1,parse
FN:23,parseBoolean
FN:46,parseInteger
FN:55,parseDate
FN:65,parseNumber
FN:79,parseString
FN:83,parseArray
FN:90,(anonymous_7)
FNF:8
FNH:2
FNDA:6,parse
FNDA:0,parseBoolean
FNDA:0,parseInteger
FNDA:0,parseDate
FNDA:0,parseNumber
FNDA:6,parseString
FNDA:0,parseArray
FNDA:0,(anonymous_7)
DA:2,6
DA:3,0
DA:6,6
DA:7,0
DA:8,6
DA:9,0
DA:10,6
DA:11,0
DA:12,6
DA:13,6
DA:14,0
DA:15,0
DA:16,0
DA:17,0
DA:20,0
DA:24,0
DA:25,0
DA:28,0
DA:29,0
DA:32,0
DA:34,0
DA:35,0
DA:38,0
DA:39,0
DA:40,0
DA:43,0
DA:47,0
DA:48,0
DA:51,0
DA:52,0
DA:56,0
DA:57,0
DA:58,0
DA:59,0
DA:60,0
DA:62,0
DA:66,0
DA:67,0
DA:70,0
DA:71,0
DA:72,0
DA:73,0
DA:76,0
DA:80,6
DA:84,0
DA:85,0
DA:88,0
DA:90,0
DA:91,0
DA:92,0
DA:93,0
DA:97,0
DA:98,0
DA:101,0
DA:104,1
LF:55
LH:8
BRDA:2,0,0,0
BRDA:2,0,1,6
BRDA:6,1,0,0
BRDA:6,1,1,6
BRDA:8,2,0,0
BRDA:8,2,1,6
BRDA:10,3,0,0
BRDA:10,3,1,6
BRDA:12,4,0,6
BRDA:12,4,1,0
BRDA:14,5,0,0
BRDA:14,5,1,0
BRDA:16,6,0,0
BRDA:16,6,1,0
BRDA:24,7,0,0
BRDA:24,7,1,0
BRDA:28,8,0,0
BRDA:28,8,1,0
BRDA:34,9,0,0
BRDA:34,9,1,0
BRDA:39,10,0,0
BRDA:39,10,1,0
BRDA:47,11,0,0
BRDA:47,11,1,0
BRDA:47,12,0,0
BRDA:47,12,1,0
BRDA:52,13,0,0
BRDA:52,13,1,0
BRDA:56,14,0,0
BRDA:56,14,1,0
BRDA:58,15,0,0
BRDA:58,15,1,0
BRDA:59,16,0,0
BRDA:59,16,1,0
BRDA:66,17,0,0
BRDA:66,17,1,0
BRDA:70,18,0,0
BRDA:70,18,1,0
BRDA:73,19,0,0
BRDA:73,19,1,0
BRDA:84,20,0,0
BRDA:84,20,1,0
BRDA:92,21,0,0
BRDA:92,21,1,0
BRDA:97,22,0,0
BRDA:97,22,1,0
BRF:46
BRH:5
end_of_record
TN:
SF:lib\validation\rules.js
FN:1,required
FN:7,minLen
FN:13,maxLen
FN:19,equalLen
FN:25,matchRegex
FN:30,differRegex
FN:36,isEmail
FNF:7
FNH:3
FNDA:3,required
FNDA:3,minLen
FNDA:3,maxLen
FNDA:0,equalLen
FNDA:0,matchRegex
FNDA:0,differRegex
FNDA:0,isEmail
DA:2,3
DA:3,0
DA:8,3
DA:9,0
DA:14,3
DA:15,0
DA:20,0
DA:21,0
DA:26,0
DA:27,0
DA:31,0
DA:32,0
DA:37,0
DA:38,0
DA:41,1
LF:15
LH:4
BRDA:1,0,0,3
BRDA:2,1,0,0
BRDA:2,1,1,3
BRDA:7,2,0,0
BRDA:8,3,0,0
BRDA:8,3,1,3
BRDA:13,4,0,0
BRDA:14,5,0,0
BRDA:14,5,1,3
BRDA:19,6,0,0
BRDA:20,7,0,0
BRDA:20,7,1,0
BRDA:25,8,0,0
BRDA:26,9,0,0
BRDA:26,9,1,0
BRDA:30,10,0,0
BRDA:31,11,0,0
BRDA:31,11,1,0
BRDA:36,12,0,0
BRF:19
BRH:4
end_of_record
TN:
SF:middleware\auth.js
FN:4,getToken
FN:18,(anonymous_1)
FNF:2
FNH:0
FNDA:0,getToken
FNDA:0,(anonymous_1)
DA:1,2
DA:2,2
DA:5,0
DA:6,0
DA:9,0
DA:11,0
DA:12,0
DA:15,0
DA:18,2
DA:19,0
DA:20,0
DA:21,0
DA:24,0
DA:25,0
DA:26,0
DA:30,0
DA:33,0
LF:17
LH:3
BRDA:5,0,0,0
BRDA:5,0,1,0
BRDA:11,1,0,0
BRDA:11,1,1,0
BRDA:11,2,0,0
BRDA:11,2,1,0
BRDA:20,3,0,0
BRDA:20,3,1,0
BRF:8
BRH:0
end_of_record
